#
# There is insufficient memory for the Java Runtime Environment to continue.
# Native memory allocation (malloc) failed to allocate 262160 bytes for Chunk::new
# Possible reasons:
#   The system is out of physical RAM or swap space
#   The process is running with CompressedOops enabled, and the Java Heap may be blocking the growth of the native heap
# Possible solutions:
#   Reduce memory load on the system
#   Increase physical memory or swap space
#   Check if swap backing store is full
#   Decrease Java heap size (-Xmx/-Xms)
#   Decrease number of Java threads
#   Decrease Java thread stack sizes (-Xss)
#   Set larger code cache with -XX:ReservedCodeCacheSize=
#   JVM is running with Unscaled Compressed Oops mode in which the Java heap is
#     placed in the first 4GB address space. The Java Heap base address is the
#     maximum limit for the native heap growth. Please use -XX:HeapBaseMinAddress
#     to set the Java Heap base and to place the Java Heap above 4GB virtual address.
# This output file may be truncated or incomplete.
#
#  Out of Memory Error (t:/workspace/open/src/hotspot/share/memory/arena.cpp:197), pid=14216, tid=12496
#
# JRE version: Java(TM) SE Runtime Environment (12.0.1+12) (build 12.0.1+12)
# Java VM: Java HotSpot(TM) 64-Bit Server VM (12.0.1+12, mixed mode, sharing, tiered, compressed oops, g1 gc, windows-amd64)
# No core dump will be written. Minidumps are not enabled by default on client versions of Windows
#

---------------  S U M M A R Y ------------

Command Line: com.mycompany.urbanplanning3.FirstMap

Host: Intel(R) Core(TM) i5-8250U CPU @ 1.60GHz, 8 cores, 3G,  Windows 10 , 64 bit Build 18362 (10.0.18362.329)
Time: Thu Dec 19 10:51:01 2019 Malay Peninsula Standard Time elapsed time: 7 seconds (0d 0h 0m 7s)

---------------  T H R E A D  ---------------

Current thread (0x000002d5e9448800):  JavaThread "C2 CompilerThread0" daemon [_thread_in_native, id=12496, stack(0x000000f7b7400000,0x000000f7b7500000)]


Current CompileTask:
C2:   7297 1816       4       javax.swing.plaf.nimbus.NimbusStyle::validate (1147 bytes)

Stack: [0x000000f7b7400000,0x000000f7b7500000]
Native frames: (J=compiled Java code, j=interpreted, Vv=VM code, C=native code)
V  [jvm.dll+0x63948a]
V  [jvm.dll+0x78b31f]
V  [jvm.dll+0x78c9c1]
V  [jvm.dll+0x78d013]
V  [jvm.dll+0x262138]
V  [jvm.dll+0xc582c]
V  [jvm.dll+0xc5dac]
V  [jvm.dll+0xc5910]
V  [jvm.dll+0x61a81f]
V  [jvm.dll+0x89b83]
V  [jvm.dll+0x66a431]
V  [jvm.dll+0x35c9e5]
V  [jvm.dll+0x65b9ef]
V  [jvm.dll+0x658140]
V  [jvm.dll+0x64fb8b]
V  [jvm.dll+0x64f1ac]
V  [jvm.dll+0x64d057]
V  [jvm.dll+0x19c2dc]
V  [jvm.dll+0x2d29d6]
V  [jvm.dll+0x6580fe]
V  [jvm.dll+0x64fb8b]
V  [jvm.dll+0x64f1ac]
V  [jvm.dll+0x64d057]
V  [jvm.dll+0x19c2dc]
V  [jvm.dll+0x2d29d6]
V  [jvm.dll+0x6580fe]
V  [jvm.dll+0x64fb8b]
V  [jvm.dll+0x64f1ac]
V  [jvm.dll+0x64d057]
V  [jvm.dll+0x19c2dc]
V  [jvm.dll+0x2d29d6]
V  [jvm.dll+0x6580fe]
V  [jvm.dll+0x64fb8b]
V  [jvm.dll+0x64f1ac]
V  [jvm.dll+0x64d057]
V  [jvm.dll+0x19c2dc]
V  [jvm.dll+0x21aeab]
V  [jvm.dll+0x199890]
V  [jvm.dll+0x22a534]
V  [jvm.dll+0x228b88]
V  [jvm.dll+0x74f660]
V  [jvm.dll+0x748648]
V  [jvm.dll+0x638566]
C  [ucrtbase.dll+0x20e72]
C  [KERNEL32.DLL+0x17bd4]
C  [ntdll.dll+0x6ced1]


---------------  P R O C E S S  ---------------

Threads class SMR info:
_java_thread_list=0x000002d5eb52d380, length=15, elements={
0x000002d5caf68000, 0x000002d5caf6a800, 0x000002d5e9445000, 0x000002d5e9447000,
0x000002d5e9448800, 0x000002d5e944c800, 0x000002d5e9452000, 0x000002d5e9eae000,
0x000002d5e9eb1000, 0x000002d5ea10f000, 0x000002d5ea127000, 0x000002d5ea12c000,
0x000002d5ea1d7800, 0x000002d5cae9e800, 0x000002d5eb687000
}

Java Threads: ( => current thread )
  0x000002d5caf68000 JavaThread "Reference Handler" daemon [_thread_blocked, id=10352, stack(0x000000f7b7000000,0x000000f7b7100000)]
  0x000002d5caf6a800 JavaThread "Finalizer" daemon [_thread_blocked, id=15148, stack(0x000000f7b7100000,0x000000f7b7200000)]
  0x000002d5e9445000 JavaThread "Signal Dispatcher" daemon [_thread_blocked, id=6356, stack(0x000000f7b7200000,0x000000f7b7300000)]
  0x000002d5e9447000 JavaThread "Attach Listener" daemon [_thread_blocked, id=15500, stack(0x000000f7b7300000,0x000000f7b7400000)]
=>0x000002d5e9448800 JavaThread "C2 CompilerThread0" daemon [_thread_in_native, id=12496, stack(0x000000f7b7400000,0x000000f7b7500000)]
  0x000002d5e944c800 JavaThread "C1 CompilerThread0" daemon [_thread_blocked, id=14816, stack(0x000000f7b7500000,0x000000f7b7600000)]
  0x000002d5e9452000 JavaThread "Sweeper thread" daemon [_thread_blocked, id=15412, stack(0x000000f7b7600000,0x000000f7b7700000)]
  0x000002d5e9eae000 JavaThread "Service Thread" daemon [_thread_blocked, id=13516, stack(0x000000f7b7700000,0x000000f7b7800000)]
  0x000002d5e9eb1000 JavaThread "Common-Cleaner" daemon [_thread_blocked, id=9480, stack(0x000000f7b7900000,0x000000f7b7a00000)]
  0x000002d5ea10f000 JavaThread "Java2D Disposer" daemon [_thread_blocked, id=3016, stack(0x000000f7b7a00000,0x000000f7b7b00000)]
  0x000002d5ea127000 JavaThread "AWT-Shutdown" [_thread_blocked, id=16000, stack(0x000000f7b7b00000,0x000000f7b7c00000)]
  0x000002d5ea12c000 JavaThread "AWT-Windows" daemon [_thread_in_native, id=13932, stack(0x000000f7b7c00000,0x000000f7b7d00000)]
  0x000002d5ea1d7800 JavaThread "AWT-EventQueue-0" [_thread_blocked, id=2276, stack(0x000000f7b7d00000,0x000000f7b7e00000)]
  0x000002d5cae9e800 JavaThread "DestroyJavaVM" [_thread_blocked, id=6536, stack(0x000000f7b6900000,0x000000f7b6a00000)]
  0x000002d5eb687000 JavaThread "TimerQueue" daemon [_thread_blocked, id=14924, stack(0x000000f7b7e00000,0x000000f7b7f00000)]

Other Threads:
  0x000002d5caf64800 VMThread "VM Thread" [stack: 0x000000f7b6f00000,0x000000f7b7000000] [id=8596]
  0x000002d5e9eb0000 WatcherThread [stack: 0x000000f7b7800000,0x000000f7b7900000] [id=11816]
  0x000002d5caec9800 GCTaskThread "GC Thread#0" [stack: 0x000000f7b6a00000,0x000000f7b6b00000] [id=3764]
  0x000002d5caed1000 ConcurrentGCThread "G1 Main Marker" [stack: 0x000000f7b6b00000,0x000000f7b6c00000] [id=9180]
  0x000002d5caed3800 ConcurrentGCThread "G1 Conc#0" [stack: 0x000000f7b6c00000,0x000000f7b6d00000] [id=11676]
  0x000002d5caf41800 ConcurrentGCThread "G1 Refine#0" [stack: 0x000000f7b6d00000,0x000000f7b6e00000] [id=15392]
  0x000002d5caf42800 ConcurrentGCThread "G1 Young RemSet Sampling" [stack: 0x000000f7b6e00000,0x000000f7b6f00000] [id=14604]

Threads with active compile tasks:
C2 CompilerThread0  1816       4       javax.swing.plaf.nimbus.NimbusStyle::validate (1147 bytes)

VM state:not at safepoint (normal execution)

VM Mutex/Monitor currently owned by a thread: None

Heap address: 0x00000000c1e00000, size: 994 MB, Compressed Oops mode: 32-bit
Narrow klass base: 0x0000000800000000, Narrow klass shift: 3
Compressed class space size: 1073741824 Address: 0x00000008011a0000

Heap:
 garbage-first heap   total 65536K, used 23552K [0x00000000c1e00000, 0x0000000100000000)
  region size 1024K, 19 young (19456K), 0 survivors (0K)
 Metaspace       used 12175K, capacity 12480K, committed 12672K, reserved 1060864K
  class space    used 1444K, capacity 1610K, committed 1664K, reserved 1048576K
Heap Regions: E=young(eden), S=young(survivor), O=old, HS=humongous(starts), HC=humongous(continues), CS=collection set, F=free, A=archive, TAMS=top-at-mark-start (previous, next)
|   0|0x00000000c1e00000, 0x00000000c1f00000, 0x00000000c1f00000|100%|HS|  |TAMS 0x00000000c1e00000, 0x00000000c1e00000| Complete 
|   1|0x00000000c1f00000, 0x00000000c2000000, 0x00000000c2000000|100%|HC|  |TAMS 0x00000000c1f00000, 0x00000000c1f00000| Complete 
|   2|0x00000000c2000000, 0x00000000c2100000, 0x00000000c2100000|100%|HC|  |TAMS 0x00000000c2000000, 0x00000000c2000000| Complete 
|   3|0x00000000c2100000, 0x00000000c2200000, 0x00000000c2200000|100%|HC|  |TAMS 0x00000000c2100000, 0x00000000c2100000| Complete 
|   4|0x00000000c2200000, 0x00000000c2300000, 0x00000000c2300000|100%|HC|  |TAMS 0x00000000c2200000, 0x00000000c2200000| Complete 
|   5|0x00000000c2300000, 0x00000000c2300000, 0x00000000c2400000|  0%| F|  |TAMS 0x00000000c2300000, 0x00000000c2300000| Untracked 
|   6|0x00000000c2400000, 0x00000000c2400000, 0x00000000c2500000|  0%| F|  |TAMS 0x00000000c2400000, 0x00000000c2400000| Untracked 
|   7|0x00000000c2500000, 0x00000000c2500000, 0x00000000c2600000|  0%| F|  |TAMS 0x00000000c2500000, 0x00000000c2500000| Untracked 
|   8|0x00000000c2600000, 0x00000000c2600000, 0x00000000c2700000|  0%| F|  |TAMS 0x00000000c2600000, 0x00000000c2600000| Untracked 
|   9|0x00000000c2700000, 0x00000000c2700000, 0x00000000c2800000|  0%| F|  |TAMS 0x00000000c2700000, 0x00000000c2700000| Untracked 
|  10|0x00000000c2800000, 0x00000000c2800000, 0x00000000c2900000|  0%| F|  |TAMS 0x00000000c2800000, 0x00000000c2800000| Untracked 
|  11|0x00000000c2900000, 0x00000000c2900000, 0x00000000c2a00000|  0%| F|  |TAMS 0x00000000c2900000, 0x00000000c2900000| Untracked 
|  12|0x00000000c2a00000, 0x00000000c2a00000, 0x00000000c2b00000|  0%| F|  |TAMS 0x00000000c2a00000, 0x00000000c2a00000| Untracked 
|  13|0x00000000c2b00000, 0x00000000c2b00000, 0x00000000c2c00000|  0%| F|  |TAMS 0x00000000c2b00000, 0x00000000c2b00000| Untracked 
|  14|0x00000000c2c00000, 0x00000000c2c00000, 0x00000000c2d00000|  0%| F|  |TAMS 0x00000000c2c00000, 0x00000000c2c00000| Untracked 
|  15|0x00000000c2d00000, 0x00000000c2d00000, 0x00000000c2e00000|  0%| F|  |TAMS 0x00000000c2d00000, 0x00000000c2d00000| Untracked 
|  16|0x00000000c2e00000, 0x00000000c2e00000, 0x00000000c2f00000|  0%| F|  |TAMS 0x00000000c2e00000, 0x00000000c2e00000| Untracked 
|  17|0x00000000c2f00000, 0x00000000c2f00000, 0x00000000c3000000|  0%| F|  |TAMS 0x00000000c2f00000, 0x00000000c2f00000| Untracked 
|  18|0x00000000c3000000, 0x00000000c3000000, 0x00000000c3100000|  0%| F|  |TAMS 0x00000000c3000000, 0x00000000c3000000| Untracked 
|  19|0x00000000c3100000, 0x00000000c3100000, 0x00000000c3200000|  0%| F|  |TAMS 0x00000000c3100000, 0x00000000c3100000| Untracked 
|  20|0x00000000c3200000, 0x00000000c3200000, 0x00000000c3300000|  0%| F|  |TAMS 0x00000000c3200000, 0x00000000c3200000| Untracked 
|  21|0x00000000c3300000, 0x00000000c3300000, 0x00000000c3400000|  0%| F|  |TAMS 0x00000000c3300000, 0x00000000c3300000| Untracked 
|  22|0x00000000c3400000, 0x00000000c3400000, 0x00000000c3500000|  0%| F|  |TAMS 0x00000000c3400000, 0x00000000c3400000| Untracked 
|  23|0x00000000c3500000, 0x00000000c3500000, 0x00000000c3600000|  0%| F|  |TAMS 0x00000000c3500000, 0x00000000c3500000| Untracked 
|  24|0x00000000c3600000, 0x00000000c3600000, 0x00000000c3700000|  0%| F|  |TAMS 0x00000000c3600000, 0x00000000c3600000| Untracked 
|  25|0x00000000c3700000, 0x00000000c3700000, 0x00000000c3800000|  0%| F|  |TAMS 0x00000000c3700000, 0x00000000c3700000| Untracked 
|  26|0x00000000c3800000, 0x00000000c3800000, 0x00000000c3900000|  0%| F|  |TAMS 0x00000000c3800000, 0x00000000c3800000| Untracked 
|  27|0x00000000c3900000, 0x00000000c3900000, 0x00000000c3a00000|  0%| F|  |TAMS 0x00000000c3900000, 0x00000000c3900000| Untracked 
|  28|0x00000000c3a00000, 0x00000000c3a00000, 0x00000000c3b00000|  0%| F|  |TAMS 0x00000000c3a00000, 0x00000000c3a00000| Untracked 
|  29|0x00000000c3b00000, 0x00000000c3b00000, 0x00000000c3c00000|  0%| F|  |TAMS 0x00000000c3b00000, 0x00000000c3b00000| Untracked 
|  30|0x00000000c3c00000, 0x00000000c3c00000, 0x00000000c3d00000|  0%| F|  |TAMS 0x00000000c3c00000, 0x00000000c3c00000| Untracked 
|  31|0x00000000c3d00000, 0x00000000c3d00000, 0x00000000c3e00000|  0%| F|  |TAMS 0x00000000c3d00000, 0x00000000c3d00000| Untracked 
|  32|0x00000000c3e00000, 0x00000000c3e00000, 0x00000000c3f00000|  0%| F|  |TAMS 0x00000000c3e00000, 0x00000000c3e00000| Untracked 
|  33|0x00000000c3f00000, 0x00000000c3f00000, 0x00000000c4000000|  0%| F|  |TAMS 0x00000000c3f00000, 0x00000000c3f00000| Untracked 
|  34|0x00000000c4000000, 0x00000000c4000000, 0x00000000c4100000|  0%| F|  |TAMS 0x00000000c4000000, 0x00000000c4000000| Untracked 
|  35|0x00000000c4100000, 0x00000000c4100000, 0x00000000c4200000|  0%| F|  |TAMS 0x00000000c4100000, 0x00000000c4100000| Untracked 
|  36|0x00000000c4200000, 0x00000000c4200000, 0x00000000c4300000|  0%| F|  |TAMS 0x00000000c4200000, 0x00000000c4200000| Untracked 
|  37|0x00000000c4300000, 0x00000000c4300000, 0x00000000c4400000|  0%| F|  |TAMS 0x00000000c4300000, 0x00000000c4300000| Untracked 
|  38|0x00000000c4400000, 0x00000000c4400000, 0x00000000c4500000|  0%| F|  |TAMS 0x00000000c4400000, 0x00000000c4400000| Untracked 
|  39|0x00000000c4500000, 0x00000000c4500000, 0x00000000c4600000|  0%| F|  |TAMS 0x00000000c4500000, 0x00000000c4500000| Untracked 
|  40|0x00000000c4600000, 0x00000000c4600000, 0x00000000c4700000|  0%| F|  |TAMS 0x00000000c4600000, 0x00000000c4600000| Untracked 
|  41|0x00000000c4700000, 0x00000000c4700000, 0x00000000c4800000|  0%| F|  |TAMS 0x00000000c4700000, 0x00000000c4700000| Untracked 
|  42|0x00000000c4800000, 0x00000000c4800000, 0x00000000c4900000|  0%| F|  |TAMS 0x00000000c4800000, 0x00000000c4800000| Untracked 
|  43|0x00000000c4900000, 0x00000000c4900000, 0x00000000c4a00000|  0%| F|  |TAMS 0x00000000c4900000, 0x00000000c4900000| Untracked 
|  44|0x00000000c4a00000, 0x00000000c4a00000, 0x00000000c4b00000|  0%| F|  |TAMS 0x00000000c4a00000, 0x00000000c4a00000| Untracked 
|  45|0x00000000c4b00000, 0x00000000c4b7b630, 0x00000000c4c00000| 48%| E|  |TAMS 0x00000000c4b00000, 0x00000000c4b00000| Complete 
|  46|0x00000000c4c00000, 0x00000000c4d00000, 0x00000000c4d00000|100%| E|CS|TAMS 0x00000000c4c00000, 0x00000000c4c00000| Complete 
|  47|0x00000000c4d00000, 0x00000000c4e00000, 0x00000000c4e00000|100%| E|CS|TAMS 0x00000000c4d00000, 0x00000000c4d00000| Complete 
|  48|0x00000000c4e00000, 0x00000000c4f00000, 0x00000000c4f00000|100%| E|CS|TAMS 0x00000000c4e00000, 0x00000000c4e00000| Complete 
|  49|0x00000000c4f00000, 0x00000000c5000000, 0x00000000c5000000|100%| E|CS|TAMS 0x00000000c4f00000, 0x00000000c4f00000| Complete 
|  50|0x00000000c5000000, 0x00000000c5100000, 0x00000000c5100000|100%| E|CS|TAMS 0x00000000c5000000, 0x00000000c5000000| Complete 
|  51|0x00000000c5100000, 0x00000000c5200000, 0x00000000c5200000|100%| E|CS|TAMS 0x00000000c5100000, 0x00000000c5100000| Complete 
|  52|0x00000000c5200000, 0x00000000c5300000, 0x00000000c5300000|100%| E|CS|TAMS 0x00000000c5200000, 0x00000000c5200000| Complete 
|  53|0x00000000c5300000, 0x00000000c5400000, 0x00000000c5400000|100%| E|CS|TAMS 0x00000000c5300000, 0x00000000c5300000| Complete 
|  54|0x00000000c5400000, 0x00000000c5500000, 0x00000000c5500000|100%| E|CS|TAMS 0x00000000c5400000, 0x00000000c5400000| Complete 
|  55|0x00000000c5500000, 0x00000000c5600000, 0x00000000c5600000|100%| E|CS|TAMS 0x00000000c5500000, 0x00000000c5500000| Complete 
|  56|0x00000000c5600000, 0x00000000c5700000, 0x00000000c5700000|100%| E|CS|TAMS 0x00000000c5600000, 0x00000000c5600000| Complete 
|  57|0x00000000c5700000, 0x00000000c5800000, 0x00000000c5800000|100%| E|CS|TAMS 0x00000000c5700000, 0x00000000c5700000| Complete 
|  58|0x00000000c5800000, 0x00000000c5900000, 0x00000000c5900000|100%| E|CS|TAMS 0x00000000c5800000, 0x00000000c5800000| Complete 
|  59|0x00000000c5900000, 0x00000000c5a00000, 0x00000000c5a00000|100%| E|CS|TAMS 0x00000000c5900000, 0x00000000c5900000| Complete 
|  60|0x00000000c5a00000, 0x00000000c5b00000, 0x00000000c5b00000|100%| E|CS|TAMS 0x00000000c5a00000, 0x00000000c5a00000| Complete 
|  61|0x00000000c5b00000, 0x00000000c5c00000, 0x00000000c5c00000|100%| E|CS|TAMS 0x00000000c5b00000, 0x00000000c5b00000| Complete 
|  62|0x00000000c5c00000, 0x00000000c5d00000, 0x00000000c5d00000|100%| E|CS|TAMS 0x00000000c5c00000, 0x00000000c5c00000| Complete 
|  63|0x00000000c5d00000, 0x00000000c5e00000, 0x00000000c5e00000|100%| E|CS|TAMS 0x00000000c5d00000, 0x00000000c5d00000| Complete 

Card table byte_map: [0x000002d5e46e0000,0x000002d5e48e0000] _byte_map_base: 0x000002d5e40d1000

Marking Bits (Prev, Next): (CMBitMap*) 0x000002d5caeca5c8, (CMBitMap*) 0x000002d5caeca608
 Prev Bits: [0x000002d5e4ae0000, 0x000002d5e5a68000)
 Next Bits: [0x000002d5e5a70000, 0x000002d5e69f8000)

Polling page: 0x000002d5cc720000

Metaspace:

Usage:
  Non-class:     10.62 MB capacity,    10.48 MB ( 99%) used,   106.90 KB ( <1%) free+waste,    31.94 KB ( <1%) overhead. 
      Class:      1.57 MB capacity,     1.41 MB ( 90%) used,   147.13 KB (  9%) free+waste,    18.31 KB (  1%) overhead. 
       Both:     12.19 MB capacity,    11.89 MB ( 98%) used,   254.03 KB (  2%) free+waste,    50.25 KB ( <1%) overhead. 

Virtual space:
  Non-class space:       12.00 MB reserved,      10.75 MB ( 90%) committed 
      Class space:        1.00 GB reserved,       1.63 MB ( <1%) committed 
             Both:        1.01 GB reserved,      12.38 MB (  1%) committed 

Chunk freelists:
   Non-Class:  1.25 KB
       Class:  2.75 KB
        Both:  4.00 KB

CodeHeap 'non-profiled nmethods': size=120000Kb used=660Kb max_used=660Kb free=119339Kb
 bounds [0x000002d5dc540000, 0x000002d5dc7b0000, 0x000002d5e3a70000]
CodeHeap 'profiled nmethods': size=120000Kb used=3940Kb max_used=3940Kb free=116060Kb
 bounds [0x000002d5d5010000, 0x000002d5d53f0000, 0x000002d5dc540000]
CodeHeap 'non-nmethods': size=5760Kb used=1250Kb max_used=1273Kb free=4509Kb
 bounds [0x000002d5d4a70000, 0x000002d5d4ce0000, 0x000002d5d5010000]
 total_blobs=2711 nmethods=1826 adapters=534
 compilation: enabled
              stopped_count=0, restarted_count=0
 full_count=0

Compilation events (10 events):
Event: 7.268 Thread 0x000002d5e944c800 1822       3       javax.swing.plaf.basic.BasicHTML::updateRenderer (89 bytes)
Event: 7.269 Thread 0x000002d5e944c800 nmethod 1822 0x000002d5d53e2290 code [0x000002d5d53e2500, 0x000002d5d53e2e00]
Event: 7.269 Thread 0x000002d5e944c800 1823       3       javax.swing.plaf.basic.BasicHTML::isHTMLString (49 bytes)
Event: 7.269 Thread 0x000002d5e944c800 nmethod 1823 0x000002d5d53e3090 code [0x000002d5d53e3340, 0x000002d5d53e3fa0]
Event: 7.270 Thread 0x000002d5e944c800 1824       3       java.util.ArrayList::isEmpty (13 bytes)
Event: 7.270 Thread 0x000002d5e9448800 nmethod 1759% 0x000002d5dc5e0490 code [0x000002d5dc5e06c0, 0x000002d5dc5e20c8]
Event: 7.270 Thread 0x000002d5e9448800 1793       4       java.awt.geom.AffineTransform::transform (635 bytes)
Event: 7.270 Thread 0x000002d5e944c800 nmethod 1824 0x000002d5d53e4410 code [0x000002d5d53e45c0, 0x000002d5d53e4798]
Event: 7.279 Thread 0x000002d5e9448800 nmethod 1793 0x000002d5dc5e3510 code [0x000002d5dc5e36c0, 0x000002d5dc5e3e98]
Event: 7.279 Thread 0x000002d5e9448800 1816       4       javax.swing.plaf.nimbus.NimbusStyle::validate (1147 bytes)

GC Heap History (0 events):
No events

Deoptimization events (10 events):
Event: 2.108 Thread 0x000002d5ea1d7800 Uncommon trap: reason=class_check action=maybe_recompile pc=0x000002d5dc557f98 method=java.lang.String.equals(Ljava/lang/Object;)Z @ 8 c2
Event: 3.251 Thread 0x000002d5ea1d7800 Uncommon trap: reason=unstable_if action=reinterpret pc=0x000002d5dc59f8e4 method=java.lang.CharacterData.of(I)Ljava/lang/CharacterData; @ 4 c2
Event: 3.254 Thread 0x000002d5ea1d7800 Uncommon trap: reason=unstable_if action=reinterpret pc=0x000002d5dc544730 method=java.lang.String.isLatin1()Z @ 10 c2
Event: 3.254 Thread 0x000002d5ea1d7800 Uncommon trap: reason=unstable_if action=reinterpret pc=0x000002d5dc593f00 method=java.lang.String.equals(Ljava/lang/Object;)Z @ 34 c2
Event: 5.053 Thread 0x000002d5ea1d7800 Uncommon trap: reason=unstable_if action=reinterpret pc=0x000002d5dc5c16d4 method=sun.java2d.marlin.DRenderer._endRendering(II)V @ 15 c2
Event: 5.053 Thread 0x000002d5ea1d7800 Uncommon trap: reason=unstable_if action=reinterpret pc=0x000002d5dc5b531c method=sun.java2d.marlin.DRenderer._endRendering(II)V @ 1639 c2
Event: 5.055 Thread 0x000002d5ea1d7800 Uncommon trap: reason=predicate action=maybe_recompile pc=0x000002d5dc5965b8 method=java.awt.LinearGradientPaintContext.fillRaster([IIIIIII)V @ 53 c2
Event: 5.055 Thread 0x000002d5ea1d7800 Uncommon trap: reason=unstable_if action=reinterpret pc=0x000002d5dc57a9c8 method=java.awt.MultipleGradientPaintContext.indexIntoGradientsArrays(F)I @ 93 c2
Event: 5.055 Thread 0x000002d5ea1d7800 Uncommon trap: reason=unstable_if action=reinterpret pc=0x000002d5dc5925cc method=java.awt.MultipleGradientPaintContext.indexIntoGradientsArrays(F)I @ 93 c2
Event: 7.243 Thread 0x000002d5ea1d7800 Uncommon trap: reason=unstable_if action=reinterpret pc=0x000002d5dc5d8f04 method=javax.swing.table.DefaultTableCellRenderer.firePropertyChange(Ljava/lang/String;Ljava/lang/Object;Ljava/lang/Object;)V @ 24 c2

Classes redefined (0 events):
No events

Internal exceptions (10 events):
Event: 0.501 Thread 0x000002d5cae9e800 Exception <a 'java/lang/ClassNotFoundException'{0x00000000c59bc570}: javax/swing/JTreeCell> (0x00000000c59bc570) thrown at [t:/workspace/open/src/hotspot/share/classfile/systemDictionary.cpp, line 235]
Event: 0.501 Thread 0x000002d5cae9e800 Exception <a 'java/lang/ClassNotFoundException'{0x00000000c59bc870}: TreeCell> (0x00000000c59bc870) thrown at [t:/workspace/open/src/hotspot/share/classfile/systemDictionary.cpp, line 235]
Event: 0.502 Thread 0x000002d5cae9e800 Exception <a 'java/lang/ClassNotFoundException'{0x00000000c59bd0a0}: RootPane> (0x00000000c59bd0a0) thrown at [t:/workspace/open/src/hotspot/share/classfile/systemDictionary.cpp, line 235]
Event: 0.508 Thread 0x000002d5cae9e800 Exception <a 'java/lang/ClassNotFoundException'{0x00000000c59c0fa0}: com/sun/swing/internal/plaf/metal/resources/spi/metalProvider> (0x00000000c59c0fa0) thrown at [t:/workspace/open/src/hotspot/share/classfile/systemDictionary.cpp, line 235]
Event: 0.511 Thread 0x000002d5cae9e800 Exception <a 'java/lang/ClassNotFoundException'{0x00000000c59c4fe8}: com/sun/swing/internal/plaf/basic/resources/spi/basicProvider> (0x00000000c59c4fe8) thrown at [t:/workspace/open/src/hotspot/share/classfile/systemDictionary.cpp, line 235]
Event: 0.596 Thread 0x000002d5ea1d7800 Exception <a 'java/lang/ClassNotFoundException'{0x00000000c58984c8}: com/sun/swing/internal/plaf/synth/resources/spi/synthProvider> (0x00000000c58984c8) thrown at [t:/workspace/open/src/hotspot/share/classfile/systemDictionary.cpp, line 235]
Event: 0.639 Thread 0x000002d5ea1d7800 Exception <a 'java/lang/NoSuchMethodError'{0x00000000c58e9f80}: java.lang.invoke.DirectMethodHandle$Holder.invokeSpecialIFC(Ljava/lang/Object;Ljava/lang/Object;I)I> (0x00000000c58e9f80) thrown at [t:/workspace/open/src/hotspot/share/interpreter/linkResolv
Event: 0.795 Thread 0x000002d5ea1d7800 Exception <a 'java/lang/NoSuchMethodError'{0x00000000c57a1248}: java.lang.invoke.DirectMethodHandle$Holder.invokeStaticInit(Ljava/lang/Object;)V> (0x00000000c57a1248) thrown at [t:/workspace/open/src/hotspot/share/interpreter/linkResolver.cpp, line 777]
Event: 0.812 Thread 0x000002d5ea1d7800 Exception <a 'java/lang/NoSuchMethodError'{0x00000000c57cbca8}: java.lang.invoke.Invokers$Holder.linkToTargetMethod(Ljava/lang/Object;ILjava/lang/Object;)Ljava/lang/Object;> (0x00000000c57cbca8) thrown at [t:/workspace/open/src/hotspot/share/interpreter/l
Event: 7.243 Thread 0x000002d5ea1d7800 Implicit null exception at 0x000002d5dc5d7dce to 0x000002d5dc5d8ef2

Events (10 events):
Event: 5.161 loading class java/util/concurrent/TimeUnit$1 done
Event: 5.161 Executing VM operation: BulkRevokeBias
Event: 5.162 Executing VM operation: BulkRevokeBias done
Event: 5.927 loading class javax/swing/Timer$1
Event: 5.928 loading class javax/swing/Timer$1 done
Event: 7.236 loading class javax/swing/RepaintManager$3
Event: 7.236 loading class javax/swing/RepaintManager$3 done
Event: 7.243 Thread 0x000002d5ea1d7800 Uncommon trap: trap_request=0xffffff4d fr.pc=0x000002d5dc5d8f04 relative=0x0000000000001fc4
Event: 7.243 Thread 0x000002d5ea1d7800 DEOPT PACKING pc=0x000002d5dc5d8f04 sp=0x000000f7b7dfced0
Event: 7.243 Thread 0x000002d5ea1d7800 DEOPT UNPACKING pc=0x000002d5d4a99baf sp=0x000000f7b7dfceb0 mode 2


Dynamic libraries:
0x00007ff690f50000 - 0x00007ff690f5f000 	C:\Program Files\Java\jdk-12.0.1\bin\java.exe
0x00007ff8bd540000 - 0x00007ff8bd730000 	C:\WINDOWS\SYSTEM32\ntdll.dll
0x00007ff880ab0000 - 0x00007ff880ac4000 	C:\Program Files\AVAST Software\Avast\aswhook.dll
0x00007ff8bc910000 - 0x00007ff8bc9c2000 	C:\WINDOWS\System32\KERNEL32.DLL
0x00007ff8ba870000 - 0x00007ff8bab13000 	C:\WINDOWS\System32\KERNELBASE.dll
0x00007ff8bad70000 - 0x00007ff8bae6a000 	C:\WINDOWS\System32\ucrtbase.dll
0x00007ff8b8fe0000 - 0x00007ff8b8ff8000 	C:\Program Files\Java\jdk-12.0.1\bin\jli.dll
0x00007ff8bc100000 - 0x00007ff8bc1a3000 	C:\WINDOWS\System32\ADVAPI32.dll
0x00007ff8bcd30000 - 0x00007ff8bcdce000 	C:\WINDOWS\System32\msvcrt.dll
0x00007ff8bc2b0000 - 0x00007ff8bc347000 	C:\WINDOWS\System32\sechost.dll
0x00007ff8bcf70000 - 0x00007ff8bd090000 	C:\WINDOWS\System32\RPCRT4.dll
0x00007ff8bbe30000 - 0x00007ff8bbfc4000 	C:\WINDOWS\System32\USER32.dll
0x00007ff8bab20000 - 0x00007ff8bab41000 	C:\WINDOWS\System32\win32u.dll
0x00007ff8bc280000 - 0x00007ff8bc2a6000 	C:\WINDOWS\System32\GDI32.dll
0x00007ff8ba4d0000 - 0x00007ff8ba664000 	C:\WINDOWS\System32\gdi32full.dll
0x00007ff8ba6c0000 - 0x00007ff8ba75e000 	C:\WINDOWS\System32\msvcp_win.dll
0x00007ff8a8480000 - 0x00007ff8a8496000 	C:\Program Files\Java\jdk-12.0.1\bin\VCRUNTIME140.dll
0x00007ff8aa9a0000 - 0x00007ff8aac25000 	C:\WINDOWS\WinSxS\amd64_microsoft.windows.common-controls_6595b64144ccf1df_6.0.18362.535_none_e6c3b34713100821\COMCTL32.dll
0x00007ff8bc9d0000 - 0x00007ff8bcd06000 	C:\WINDOWS\System32\combase.dll
0x00007ff8bab50000 - 0x00007ff8babd0000 	C:\WINDOWS\System32\bcryptPrimitives.dll
0x00007ff8b2aa0000 - 0x00007ff8b2aaa000 	C:\WINDOWS\SYSTEM32\VERSION.dll
0x00007ff8bc8e0000 - 0x00007ff8bc90e000 	C:\WINDOWS\System32\IMM32.DLL
0x00007ff884dd0000 - 0x00007ff884e7a000 	C:\Program Files\Java\jdk-12.0.1\bin\msvcp140.dll
0x00007ff885060000 - 0x00007ff885bd4000 	C:\Program Files\Java\jdk-12.0.1\bin\server\jvm.dll
0x00007ff8bd4f0000 - 0x00007ff8bd4f8000 	C:\WINDOWS\System32\PSAPI.DLL
0x00007ff8aa990000 - 0x00007ff8aa999000 	C:\WINDOWS\SYSTEM32\WSOCK32.dll
0x00007ff8bc7c0000 - 0x00007ff8bc82f000 	C:\WINDOWS\System32\WS2_32.dll
0x00007ff8b5ec0000 - 0x00007ff8b5ee4000 	C:\WINDOWS\SYSTEM32\WINMM.dll
0x00007ff8b5e90000 - 0x00007ff8b5ebd000 	C:\WINDOWS\SYSTEM32\WINMMBASE.dll
0x00007ff8babd0000 - 0x00007ff8bac1a000 	C:\WINDOWS\System32\cfgmgr32.dll
0x00007ff8ba460000 - 0x00007ff8ba471000 	C:\WINDOWS\System32\kernel.appcore.dll
0x00007ff8a4940000 - 0x00007ff8a4951000 	C:\Program Files\Java\jdk-12.0.1\bin\verify.dll
0x00007ff8b1590000 - 0x00007ff8b1784000 	C:\WINDOWS\SYSTEM32\DBGHELP.DLL
0x00007ff8b1350000 - 0x00007ff8b137a000 	C:\WINDOWS\SYSTEM32\dbgcore.DLL
0x00007ff896470000 - 0x00007ff896496000 	C:\Program Files\Java\jdk-12.0.1\bin\java.dll
0x00007ff8929c0000 - 0x00007ff8929d7000 	C:\Program Files\Java\jdk-12.0.1\bin\zip.dll
0x00007ff8ae960000 - 0x00007ff8ae96a000 	C:\Program Files\Java\jdk-12.0.1\bin\jimage.dll
0x00007ff8bb5f0000 - 0x00007ff8bbcd5000 	C:\WINDOWS\System32\SHELL32.dll
0x00007ff8bc830000 - 0x00007ff8bc8d9000 	C:\WINDOWS\System32\shcore.dll
0x00007ff8bae70000 - 0x00007ff8bb5ef000 	C:\WINDOWS\System32\windows.storage.dll
0x00007ff8ba440000 - 0x00007ff8ba45f000 	C:\WINDOWS\System32\profapi.dll
0x00007ff8ba480000 - 0x00007ff8ba4ca000 	C:\WINDOWS\System32\powrprof.dll
0x00007ff8ba410000 - 0x00007ff8ba420000 	C:\WINDOWS\System32\UMPDC.dll
0x00007ff8bcf10000 - 0x00007ff8bcf62000 	C:\WINDOWS\System32\shlwapi.dll
0x00007ff8ba6a0000 - 0x00007ff8ba6b7000 	C:\WINDOWS\System32\cryptsp.dll
0x00007ff884e80000 - 0x00007ff88501f000 	C:\Program Files\Java\jdk-12.0.1\bin\awt.dll
0x00007ff8bc1b0000 - 0x00007ff8bc274000 	C:\WINDOWS\System32\OLEAUT32.dll
0x00007ff8b6ee0000 - 0x00007ff8b74a0000 	C:\WINDOWS\SYSTEM32\d2d1.dll
0x00007ff8b82c0000 - 0x00007ff8b834f000 	C:\WINDOWS\SYSTEM32\apphelp.dll
0x00007ff8b83b0000 - 0x00007ff8b8449000 	C:\WINDOWS\system32\uxtheme.dll
0x00007ff8bbcf0000 - 0x00007ff8bbe25000 	C:\WINDOWS\System32\MSCTF.dll
0x00007ff8bd330000 - 0x00007ff8bd486000 	C:\WINDOWS\System32\ole32.dll
0x00007ff8b88c0000 - 0x00007ff8b88ed000 	C:\WINDOWS\system32\DWMAPI.DLL
0x00007ff884d50000 - 0x00007ff884dd0000 	C:\Program Files\Java\jdk-12.0.1\bin\freetype.dll
0x00007ff884ce0000 - 0x00007ff884d4f000 	C:\Program Files\Java\jdk-12.0.1\bin\fontmanager.dll
0x00007ff8957d0000 - 0x00007ff895926000 	C:\WINDOWS\system32\opengl32.dll
0x00007ff895df0000 - 0x00007ff895e1c000 	C:\WINDOWS\SYSTEM32\GLU32.dll
0x00007ff8b9080000 - 0x00007ff8b90a0000 	C:\WINDOWS\SYSTEM32\dxcore.dll
0x00007ff885040000 - 0x00007ff885059000 	C:\Program Files\Java\jdk-12.0.1\bin\net.dll
0x00007ff8b5270000 - 0x00007ff8b5360000 	C:\WINDOWS\SYSTEM32\WINHTTP.dll
0x00007ff8acd30000 - 0x00007ff8acf06000 	C:\WINDOWS\SYSTEM32\urlmon.dll
0x00007ff8ad060000 - 0x00007ff8ad306000 	C:\WINDOWS\SYSTEM32\iertutil.dll
0x00007ff8b9e50000 - 0x00007ff8b9e5c000 	C:\WINDOWS\SYSTEM32\CRYPTBASE.DLL
0x00007ff8b9c80000 - 0x00007ff8b9ce7000 	C:\WINDOWS\system32\mswsock.dll
0x00007ff885020000 - 0x00007ff885033000 	C:\Program Files\Java\jdk-12.0.1\bin\nio.dll
0x00007ff8ae570000 - 0x00007ff8ae60e000 	C:\WINDOWS\System32\TextInputFramework.dll
0x00007ff8b3e80000 - 0x00007ff8b41aa000 	C:\WINDOWS\System32\CoreUIComponents.dll
0x00007ff8b80b0000 - 0x00007ff8b8184000 	C:\WINDOWS\System32\CoreMessaging.dll
0x00007ff8b9470000 - 0x00007ff8b94a1000 	C:\WINDOWS\SYSTEM32\ntmarta.dll
0x00007ff8b6060000 - 0x00007ff8b61b3000 	C:\WINDOWS\SYSTEM32\wintypes.dll
0x00007ff8bbfd0000 - 0x00007ff8bc072000 	C:\WINDOWS\System32\clbcatq.dll
0x00007ff8b3300000 - 0x00007ff8b34af000 	C:\WINDOWS\SYSTEM32\WindowsCodecs.dll
0x00007ff893a60000 - 0x00007ff893a9a000 	C:\WINDOWS\system32\dataexchange.dll
0x00007ff8b74a0000 - 0x00007ff8b76fb000 	C:\WINDOWS\system32\d3d11.dll
0x00007ff8b7b60000 - 0x00007ff8b7d3b000 	C:\WINDOWS\system32\dcomp.dll
0x00007ff8b9110000 - 0x00007ff8b91fb000 	C:\WINDOWS\system32\dxgi.dll
0x00007ff8b8570000 - 0x00007ff8b87ca000 	C:\WINDOWS\system32\twinapi.appcore.dll
0x00007ff8b8a80000 - 0x00007ff8b8aa9000 	C:\WINDOWS\system32\RMCLIENT.dll

dbghelp: loaded successfully - version: 4.0.5 - missing functions: none
symbol engine: initialized successfully - sym options: 0x614 - pdb path: .;C:\Program Files\Java\jdk-12.0.1\bin;C:\WINDOWS\SYSTEM32;C:\Program Files\AVAST Software\Avast;C:\WINDOWS\WinSxS\amd64_microsoft.windows.common-controls_6595b64144ccf1df_6.0.18362.535_none_e6c3b34713100821;C:\Program Files\Java\jdk-12.0.1\bin\server

VM Arguments:
java_command: com.mycompany.urbanplanning3.FirstMap
java_class_path (initial): C:\Users\user\Documents\NetBeansProjects\UrbanPlanning3.0\target\classes
Launcher Type: SUN_STANDARD

[Global flags]
     intx CICompilerCount                          = 4                                         {product} {ergonomic}
     uint ConcGCThreads                            = 2                                         {product} {ergonomic}
     uint G1ConcRefinementThreads                  = 8                                         {product} {ergonomic}
   size_t G1HeapRegionSize                         = 1048576                                   {product} {ergonomic}
    uintx GCDrainStackTargetSize                   = 64                                        {product} {ergonomic}
   size_t InitialHeapSize                          = 67108864                                  {product} {ergonomic}
   size_t MarkStackSize                            = 4194304                                   {product} {ergonomic}
   size_t MaxHeapSize                              = 1042284544                                {product} {ergonomic}
   size_t MaxNewSize                               = 624951296                                 {product} {ergonomic}
   size_t MinHeapDeltaBytes                        = 1048576                                   {product} {ergonomic}
    uintx NonNMethodCodeHeapSize                   = 5836300                                {pd product} {ergonomic}
    uintx NonProfiledCodeHeapSize                  = 122910970                              {pd product} {ergonomic}
    uintx ProfiledCodeHeapSize                     = 122910970                              {pd product} {ergonomic}
    uintx ReservedCodeCacheSize                    = 251658240                              {pd product} {ergonomic}
     bool SegmentedCodeCache                       = true                                      {product} {ergonomic}
     bool UseCompressedClassPointers               = true                                 {lp64_product} {ergonomic}
     bool UseCompressedOops                        = true                                 {lp64_product} {ergonomic}
     bool UseG1GC                                  = true                                      {product} {ergonomic}
     bool UseLargePagesIndividualAllocation        = false                                  {pd product} {ergonomic}

Logging:
Log output configuration:
 #0: stdout all=warning uptime,level,tags
 #1: stderr all=off uptime,level,tags

Environment Variables:
JAVA_HOME=C:\Program Files\Java\jdk-12.0.1
PATH=C:\ProgramData\Oracle\Java\javapath;C:\Program Files (x86)\Intel\iCLS Client\;C:\Program Files\Intel\iCLS Client\;C:\WINDOWS\system32;C:\WINDOWS;C:\WINDOWS\System32\Wbem;C:\WINDOWS\System32\WindowsPowerShell\v1.0\;C:\Program Files\Intel\WiFi\bin\;C:\Program Files\Common Files\Intel\WirelessCommon\;C:\Program Files (x86)\Intel\Intel(R) Management Engine Components\DAL;C:\Program Files\Intel\Intel(R) Management Engine Components\DAL;C:\Program Files (x86)\Intel\Intel(R) Management Engine Components\IPT;C:\Program Files\Intel\Intel(R) Management Engine Components\IPT;C:\WINDOWS\System32\OpenSSH\;C:\Users\user\Desktop\jdk-12.0.1_windows-x64_bin.exe;C:\Program Files\Java\jdk1.8.0_111\bin;C:\Program Files\Java\jre1.8.0_111\bin;C:\Program Files\Java\jdk-12.0.1\bin;C:\Program Files\Git\cmd;C:\Maven\bin;C:\Maven\bin;C:\Program Files\Microsoft SQL Server\110\Tools\Binn\;C:\Program Files\dotnet\;C:\Users\user\AppData\Local\Programs\Python\Python37\Scripts\;C:\Users\user\AppData\Local\Programs\Python\Python37\;C:\Users\user\Miniconda3;C:\Users\user\Miniconda3\Library\mingw-w64\bin;C:\Users\user\Miniconda3\Library\usr\bin;C:\Users\user\Miniconda3\Library\bin;C:\Users\user\Miniconda3\Scripts;C:\Users\user\AppData\Local\Microsoft\WindowsApps;C:\Users\user\AppData\Local\Programs\Microsoft VS Code\bin;C:\Program Files\JetBrains\PyCharm Community Edition 2019.2.2\bin;C:\Users\user\AppData\Local\GitHubDesktop\bin
USERNAME=user
OS=Windows_NT
PROCESSOR_IDENTIFIER=Intel64 Family 6 Model 142 Stepping 10, GenuineIntel



---------------  S Y S T E M  ---------------

OS: Windows 10 , 64 bit Build 18362 (10.0.18362.329)

CPU:total 8 (initial active 8) (4 cores per cpu, 2 threads per core) family 6 model 142 stepping 10, cmov, cx8, fxsr, mmx, sse, sse2, sse3, ssse3, sse4.1, sse4.2, popcnt, avx, avx2, aes, clmul, erms, 3dnowpref, lzcnt, ht, tsc, tscinvbit, bmi1, bmi2, adx, fma

Memory: 4k page, system-wide physical 3973M (256M free)
TotalPageFile size 16261M (AvailPageFile size 2M)
current process WorkingSet (physical memory assigned to process): 89M, peak: 89M
current process commit charge ("private bytes"): 163M, peak: 168M

vm_info: Java HotSpot(TM) 64-Bit Server VM (12.0.1+12) for windows-amd64 JRE (12.0.1+12), built on Apr  2 2019 14:02:19 by "mach5one" with MS VC++ 15.5 (VS2017)

END.
