#
# There is insufficient memory for the Java Runtime Environment to continue.
# Native memory allocation (malloc) failed to allocate 32744 bytes for ChunkPool::allocate
# Possible reasons:
#   The system is out of physical RAM or swap space
#   The process is running with CompressedOops enabled, and the Java Heap may be blocking the growth of the native heap
# Possible solutions:
#   Reduce memory load on the system
#   Increase physical memory or swap space
#   Check if swap backing store is full
#   Decrease Java heap size (-Xmx/-Xms)
#   Decrease number of Java threads
#   Decrease Java thread stack sizes (-Xss)
#   Set larger code cache with -XX:ReservedCodeCacheSize=
#   JVM is running with Unscaled Compressed Oops mode in which the Java heap is
#     placed in the first 4GB address space. The Java Heap base address is the
#     maximum limit for the native heap growth. Please use -XX:HeapBaseMinAddress
#     to set the Java Heap base and to place the Java Heap above 4GB virtual address.
# This output file may be truncated or incomplete.
#
#  Out of Memory Error (t:/workspace/open/src/hotspot/share/memory/arena.cpp:81), pid=12676, tid=9404
#
# JRE version: Java(TM) SE Runtime Environment (12.0.1+12) (build 12.0.1+12)
# Java VM: Java HotSpot(TM) 64-Bit Server VM (12.0.1+12, mixed mode, sharing, tiered, compressed oops, g1 gc, windows-amd64)
# No core dump will be written. Minidumps are not enabled by default on client versions of Windows
#

---------------  S U M M A R Y ------------

Command Line: com.mycompany.urbanplanning3.Input

Host: Intel(R) Core(TM) i5-8250U CPU @ 1.60GHz, 8 cores, 3G,  Windows 10 , 64 bit Build 18362 (10.0.18362.329)
Time: Fri Dec 20 06:38:08 2019 Malay Peninsula Standard Time elapsed time: 13 seconds (0d 0h 0m 13s)

---------------  T H R E A D  ---------------

Current thread (0x00000256ef14c000):  JavaThread "C1 CompilerThread0" daemon [_thread_in_native, id=9404, stack(0x000000bd72900000,0x000000bd72a00000)]


Current CompileTask:
C1:  13227 2008   !   3       java.awt.DefaultKeyboardFocusManager::dispatchEvent (1616 bytes)

Stack: [0x000000bd72900000,0x000000bd72a00000]
Native frames: (J=compiled Java code, j=interpreted, Vv=VM code, C=native code)
V  [jvm.dll+0x63948a]
V  [jvm.dll+0x78b31f]
V  [jvm.dll+0x78c9c1]
V  [jvm.dll+0x78d013]
V  [jvm.dll+0x262138]
V  [jvm.dll+0xc5a56]
V  [jvm.dll+0xc5dac]
V  [jvm.dll+0x17e82c]
V  [jvm.dll+0x17c6fb]
V  [jvm.dll+0x17f25a]
V  [jvm.dll+0x1318ff]
V  [jvm.dll+0x131109]
V  [jvm.dll+0x13133f]
V  [jvm.dll+0x1304a7]
V  [jvm.dll+0x132557]
V  [jvm.dll+0x22a534]
V  [jvm.dll+0x228b88]
V  [jvm.dll+0x74f660]
V  [jvm.dll+0x748648]
V  [jvm.dll+0x638566]
C  [ucrtbase.dll+0x20e72]
C  [KERNEL32.DLL+0x17bd4]
C  [ntdll.dll+0x6ced1]


---------------  P R O C E S S  ---------------

Threads class SMR info:
_java_thread_list=0x00000256f1289a00, length=15, elements={
0x00000256ef128800, 0x00000256ef12a800, 0x00000256ef138000, 0x00000256ef146800,
0x00000256ef148800, 0x00000256ef14c000, 0x00000256ef150000, 0x00000256efb90800,
0x00000256efba0000, 0x00000256efe64800, 0x00000256efe13000, 0x00000256efe42800,
0x00000256efea3800, 0x00000256d0b5e800, 0x00000256f10c5800
}

Java Threads: ( => current thread )
  0x00000256ef128800 JavaThread "Reference Handler" daemon [_thread_blocked, id=5304, stack(0x000000bd72400000,0x000000bd72500000)]
  0x00000256ef12a800 JavaThread "Finalizer" daemon [_thread_blocked, id=14332, stack(0x000000bd72500000,0x000000bd72600000)]
  0x00000256ef138000 JavaThread "Signal Dispatcher" daemon [_thread_blocked, id=1728, stack(0x000000bd72600000,0x000000bd72700000)]
  0x00000256ef146800 JavaThread "Attach Listener" daemon [_thread_blocked, id=7292, stack(0x000000bd72700000,0x000000bd72800000)]
  0x00000256ef148800 JavaThread "C2 CompilerThread0" daemon [_thread_in_native, id=8820, stack(0x000000bd72800000,0x000000bd72900000)]
=>0x00000256ef14c000 JavaThread "C1 CompilerThread0" daemon [_thread_in_native, id=9404, stack(0x000000bd72900000,0x000000bd72a00000)]
  0x00000256ef150000 JavaThread "Sweeper thread" daemon [_thread_blocked, id=5316, stack(0x000000bd72a00000,0x000000bd72b00000)]
  0x00000256efb90800 JavaThread "Service Thread" daemon [_thread_blocked, id=13720, stack(0x000000bd72b00000,0x000000bd72c00000)]
  0x00000256efba0000 JavaThread "Common-Cleaner" daemon [_thread_blocked, id=2476, stack(0x000000bd72d00000,0x000000bd72e00000)]
  0x00000256efe64800 JavaThread "Java2D Disposer" daemon [_thread_blocked, id=12172, stack(0x000000bd72e00000,0x000000bd72f00000)]
  0x00000256efe13000 JavaThread "AWT-Shutdown" [_thread_blocked, id=5116, stack(0x000000bd72f00000,0x000000bd73000000)]
  0x00000256efe42800 JavaThread "AWT-Windows" daemon [_thread_in_native, id=2508, stack(0x000000bd73000000,0x000000bd73100000)]
  0x00000256efea3800 JavaThread "AWT-EventQueue-0" [_thread_blocked, id=4580, stack(0x000000bd73100000,0x000000bd73200000)]
  0x00000256d0b5e800 JavaThread "DestroyJavaVM" [_thread_blocked, id=3392, stack(0x000000bd71d00000,0x000000bd71e00000)]
  0x00000256f10c5800 JavaThread "TimerQueue" daemon [_thread_blocked, id=13156, stack(0x000000bd73200000,0x000000bd73300000)]

Other Threads:
  0x00000256ef124800 VMThread "VM Thread" [stack: 0x000000bd72300000,0x000000bd72400000] [id=5488]
  0x00000256efb95800 WatcherThread [stack: 0x000000bd72c00000,0x000000bd72d00000] [id=12308]
  0x00000256d0b8a800 GCTaskThread "GC Thread#0" [stack: 0x000000bd71e00000,0x000000bd71f00000] [id=2496]
  0x00000256f1235800 GCTaskThread "GC Thread#1" [stack: 0x000000bd73600000,0x000000bd73700000] [id=10732]
  0x00000256f1236000 GCTaskThread "GC Thread#2" [stack: 0x000000bd73700000,0x000000bd73800000] [id=4604]
  0x00000256f13bc800 GCTaskThread "GC Thread#3" [stack: 0x000000bd73800000,0x000000bd73900000] [id=13856]
  0x00000256f13bd000 GCTaskThread "GC Thread#4" [stack: 0x000000bd73900000,0x000000bd73a00000] [id=12728]
  0x00000256f0f11800 GCTaskThread "GC Thread#5" [stack: 0x000000bd73a00000,0x000000bd73b00000] [id=2984]
  0x00000256d0b92000 ConcurrentGCThread "G1 Main Marker" [stack: 0x000000bd71f00000,0x000000bd72000000] [id=1880]
  0x00000256d0b94800 ConcurrentGCThread "G1 Conc#0" [stack: 0x000000bd72000000,0x000000bd72100000] [id=2392]
  0x00000256d0c00000 ConcurrentGCThread "G1 Refine#0" [stack: 0x000000bd72100000,0x000000bd72200000] [id=1484]
  0x00000256d0c01000 ConcurrentGCThread "G1 Young RemSet Sampling" [stack: 0x000000bd72200000,0x000000bd72300000] [id=472]

Threads with active compile tasks:
C2 CompilerThread0  2009 %     4       sun.java2d.marlin.DRenderer::_endRendering @ 1927 (2480 bytes)
C1 CompilerThread0  2008   !   3       java.awt.DefaultKeyboardFocusManager::dispatchEvent (1616 bytes)

VM state:not at safepoint (normal execution)

VM Mutex/Monitor currently owned by a thread: None

Heap address: 0x00000000c1e00000, size: 994 MB, Compressed Oops mode: 32-bit
Narrow klass base: 0x0000000800000000, Narrow klass shift: 3
Compressed class space size: 1073741824 Address: 0x00000008011a0000

Heap:
 garbage-first heap   total 65536K, used 10927K [0x00000000c1e00000, 0x0000000100000000)
  region size 1024K, 5 young (5120K), 3 survivors (3072K)
 Metaspace       used 13167K, capacity 13533K, committed 13824K, reserved 1060864K
  class space    used 1565K, capacity 1717K, committed 1792K, reserved 1048576K
Heap Regions: E=young(eden), S=young(survivor), O=old, HS=humongous(starts), HC=humongous(continues), CS=collection set, F=free, A=archive, TAMS=top-at-mark-start (previous, next)
|   0|0x00000000c1e00000, 0x00000000c1f00000, 0x00000000c1f00000|100%|HS|  |TAMS 0x00000000c1e00000, 0x00000000c1e00000| Complete 
|   1|0x00000000c1f00000, 0x00000000c2000000, 0x00000000c2000000|100%|HC|  |TAMS 0x00000000c1f00000, 0x00000000c1f00000| Complete 
|   2|0x00000000c2000000, 0x00000000c2100000, 0x00000000c2100000|100%|HS|  |TAMS 0x00000000c2000000, 0x00000000c2000000| Complete 
|   3|0x00000000c2100000, 0x00000000c2200000, 0x00000000c2200000|100%|HC|  |TAMS 0x00000000c2100000, 0x00000000c2100000| Complete 
|   4|0x00000000c2200000, 0x00000000c2300000, 0x00000000c2300000|100%|HC|  |TAMS 0x00000000c2200000, 0x00000000c2200000| Complete 
|   5|0x00000000c2300000, 0x00000000c2400000, 0x00000000c2400000|100%|HC|  |TAMS 0x00000000c2300000, 0x00000000c2300000| Complete 
|   6|0x00000000c2400000, 0x00000000c24abc00, 0x00000000c2500000| 67%| O|  |TAMS 0x00000000c2400000, 0x00000000c2400000| Untracked 
|   7|0x00000000c2500000, 0x00000000c2500000, 0x00000000c2600000|  0%| F|  |TAMS 0x00000000c2500000, 0x00000000c2500000| Untracked 
|   8|0x00000000c2600000, 0x00000000c2600000, 0x00000000c2700000|  0%| F|  |TAMS 0x00000000c2600000, 0x00000000c2600000| Untracked 
|   9|0x00000000c2700000, 0x00000000c2700000, 0x00000000c2800000|  0%| F|  |TAMS 0x00000000c2700000, 0x00000000c2700000| Untracked 
|  10|0x00000000c2800000, 0x00000000c2800000, 0x00000000c2900000|  0%| F|  |TAMS 0x00000000c2800000, 0x00000000c2800000| Untracked 
|  11|0x00000000c2900000, 0x00000000c2900000, 0x00000000c2a00000|  0%| F|  |TAMS 0x00000000c2900000, 0x00000000c2900000| Untracked 
|  12|0x00000000c2a00000, 0x00000000c2a00000, 0x00000000c2b00000|  0%| F|  |TAMS 0x00000000c2a00000, 0x00000000c2a00000| Untracked 
|  13|0x00000000c2b00000, 0x00000000c2b00000, 0x00000000c2c00000|  0%| F|  |TAMS 0x00000000c2b00000, 0x00000000c2b00000| Untracked 
|  14|0x00000000c2c00000, 0x00000000c2c00000, 0x00000000c2d00000|  0%| F|  |TAMS 0x00000000c2c00000, 0x00000000c2c00000| Untracked 
|  15|0x00000000c2d00000, 0x00000000c2d00000, 0x00000000c2e00000|  0%| F|  |TAMS 0x00000000c2d00000, 0x00000000c2d00000| Untracked 
|  16|0x00000000c2e00000, 0x00000000c2e00000, 0x00000000c2f00000|  0%| F|  |TAMS 0x00000000c2e00000, 0x00000000c2e00000| Untracked 
|  17|0x00000000c2f00000, 0x00000000c2f00000, 0x00000000c3000000|  0%| F|  |TAMS 0x00000000c2f00000, 0x00000000c2f00000| Untracked 
|  18|0x00000000c3000000, 0x00000000c3000000, 0x00000000c3100000|  0%| F|  |TAMS 0x00000000c3000000, 0x00000000c3000000| Untracked 
|  19|0x00000000c3100000, 0x00000000c3100000, 0x00000000c3200000|  0%| F|  |TAMS 0x00000000c3100000, 0x00000000c3100000| Untracked 
|  20|0x00000000c3200000, 0x00000000c3200000, 0x00000000c3300000|  0%| F|  |TAMS 0x00000000c3200000, 0x00000000c3200000| Untracked 
|  21|0x00000000c3300000, 0x00000000c3300000, 0x00000000c3400000|  0%| F|  |TAMS 0x00000000c3300000, 0x00000000c3300000| Untracked 
|  22|0x00000000c3400000, 0x00000000c3400000, 0x00000000c3500000|  0%| F|  |TAMS 0x00000000c3400000, 0x00000000c3400000| Untracked 
|  23|0x00000000c3500000, 0x00000000c3500000, 0x00000000c3600000|  0%| F|  |TAMS 0x00000000c3500000, 0x00000000c3500000| Untracked 
|  24|0x00000000c3600000, 0x00000000c3600000, 0x00000000c3700000|  0%| F|  |TAMS 0x00000000c3600000, 0x00000000c3600000| Untracked 
|  25|0x00000000c3700000, 0x00000000c3700000, 0x00000000c3800000|  0%| F|  |TAMS 0x00000000c3700000, 0x00000000c3700000| Untracked 
|  26|0x00000000c3800000, 0x00000000c3800000, 0x00000000c3900000|  0%| F|  |TAMS 0x00000000c3800000, 0x00000000c3800000| Untracked 
|  27|0x00000000c3900000, 0x00000000c3900000, 0x00000000c3a00000|  0%| F|  |TAMS 0x00000000c3900000, 0x00000000c3900000| Untracked 
|  28|0x00000000c3a00000, 0x00000000c3a00000, 0x00000000c3b00000|  0%| F|  |TAMS 0x00000000c3a00000, 0x00000000c3a00000| Untracked 
|  29|0x00000000c3b00000, 0x00000000c3b00000, 0x00000000c3c00000|  0%| F|  |TAMS 0x00000000c3b00000, 0x00000000c3b00000| Untracked 
|  30|0x00000000c3c00000, 0x00000000c3c00000, 0x00000000c3d00000|  0%| F|  |TAMS 0x00000000c3c00000, 0x00000000c3c00000| Untracked 
|  31|0x00000000c3d00000, 0x00000000c3d00000, 0x00000000c3e00000|  0%| F|  |TAMS 0x00000000c3d00000, 0x00000000c3d00000| Untracked 
|  32|0x00000000c3e00000, 0x00000000c3e00000, 0x00000000c3f00000|  0%| F|  |TAMS 0x00000000c3e00000, 0x00000000c3e00000| Untracked 
|  33|0x00000000c3f00000, 0x00000000c3f00000, 0x00000000c4000000|  0%| F|  |TAMS 0x00000000c3f00000, 0x00000000c3f00000| Untracked 
|  34|0x00000000c4000000, 0x00000000c4000000, 0x00000000c4100000|  0%| F|  |TAMS 0x00000000c4000000, 0x00000000c4000000| Untracked 
|  35|0x00000000c4100000, 0x00000000c4100000, 0x00000000c4200000|  0%| F|  |TAMS 0x00000000c4100000, 0x00000000c4100000| Untracked 
|  36|0x00000000c4200000, 0x00000000c4200000, 0x00000000c4300000|  0%| F|  |TAMS 0x00000000c4200000, 0x00000000c4200000| Untracked 
|  37|0x00000000c4300000, 0x00000000c4400000, 0x00000000c4400000|100%| S|CS|TAMS 0x00000000c4300000, 0x00000000c4300000| Complete 
|  38|0x00000000c4400000, 0x00000000c4500000, 0x00000000c4500000|100%| S|CS|TAMS 0x00000000c4400000, 0x00000000c4400000| Complete 
|  39|0x00000000c4500000, 0x00000000c4600000, 0x00000000c4600000|100%| S|CS|TAMS 0x00000000c4500000, 0x00000000c4500000| Complete 
|  40|0x00000000c4600000, 0x00000000c4600000, 0x00000000c4700000|  0%| F|  |TAMS 0x00000000c4600000, 0x00000000c4600000| Untracked 
|  41|0x00000000c4700000, 0x00000000c4700000, 0x00000000c4800000|  0%| F|  |TAMS 0x00000000c4700000, 0x00000000c4700000| Untracked 
|  42|0x00000000c4800000, 0x00000000c4800000, 0x00000000c4900000|  0%| F|  |TAMS 0x00000000c4800000, 0x00000000c4800000| Untracked 
|  43|0x00000000c4900000, 0x00000000c4900000, 0x00000000c4a00000|  0%| F|  |TAMS 0x00000000c4900000, 0x00000000c4900000| Untracked 
|  44|0x00000000c4a00000, 0x00000000c4a00000, 0x00000000c4b00000|  0%| F|  |TAMS 0x00000000c4a00000, 0x00000000c4a00000| Untracked 
|  45|0x00000000c4b00000, 0x00000000c4b00000, 0x00000000c4c00000|  0%| F|  |TAMS 0x00000000c4b00000, 0x00000000c4b00000| Untracked 
|  46|0x00000000c4c00000, 0x00000000c4c00000, 0x00000000c4d00000|  0%| F|  |TAMS 0x00000000c4c00000, 0x00000000c4c00000| Untracked 
|  47|0x00000000c4d00000, 0x00000000c4d00000, 0x00000000c4e00000|  0%| F|  |TAMS 0x00000000c4d00000, 0x00000000c4d00000| Untracked 
|  48|0x00000000c4e00000, 0x00000000c4e00000, 0x00000000c4f00000|  0%| F|  |TAMS 0x00000000c4e00000, 0x00000000c4e00000| Untracked 
|  49|0x00000000c4f00000, 0x00000000c4f00000, 0x00000000c5000000|  0%| F|  |TAMS 0x00000000c4f00000, 0x00000000c4f00000| Untracked 
|  50|0x00000000c5000000, 0x00000000c5000000, 0x00000000c5100000|  0%| F|  |TAMS 0x00000000c5000000, 0x00000000c5000000| Untracked 
|  51|0x00000000c5100000, 0x00000000c5100000, 0x00000000c5200000|  0%| F|  |TAMS 0x00000000c5100000, 0x00000000c5100000| Untracked 
|  52|0x00000000c5200000, 0x00000000c5200000, 0x00000000c5300000|  0%| F|  |TAMS 0x00000000c5200000, 0x00000000c5200000| Untracked 
|  53|0x00000000c5300000, 0x00000000c5300000, 0x00000000c5400000|  0%| F|  |TAMS 0x00000000c5300000, 0x00000000c5300000| Untracked 
|  54|0x00000000c5400000, 0x00000000c5400000, 0x00000000c5500000|  0%| F|  |TAMS 0x00000000c5400000, 0x00000000c5400000| Untracked 
|  55|0x00000000c5500000, 0x00000000c5500000, 0x00000000c5600000|  0%| F|  |TAMS 0x00000000c5500000, 0x00000000c5500000| Untracked 
|  56|0x00000000c5600000, 0x00000000c5600000, 0x00000000c5700000|  0%| F|  |TAMS 0x00000000c5600000, 0x00000000c5600000| Untracked 
|  57|0x00000000c5700000, 0x00000000c5700000, 0x00000000c5800000|  0%| F|  |TAMS 0x00000000c5700000, 0x00000000c5700000| Untracked 
|  58|0x00000000c5800000, 0x00000000c5800000, 0x00000000c5900000|  0%| F|  |TAMS 0x00000000c5800000, 0x00000000c5800000| Untracked 
|  59|0x00000000c5900000, 0x00000000c5900000, 0x00000000c5a00000|  0%| F|  |TAMS 0x00000000c5900000, 0x00000000c5900000| Untracked 
|  60|0x00000000c5a00000, 0x00000000c5a00000, 0x00000000c5b00000|  0%| F|  |TAMS 0x00000000c5a00000, 0x00000000c5a00000| Untracked 
|  61|0x00000000c5b00000, 0x00000000c5b00000, 0x00000000c5c00000|  0%| F|  |TAMS 0x00000000c5b00000, 0x00000000c5b00000| Untracked 
|  62|0x00000000c5c00000, 0x00000000c5d00000, 0x00000000c5d00000|100%| E|  |TAMS 0x00000000c5c00000, 0x00000000c5c00000| Complete 
|  63|0x00000000c5d00000, 0x00000000c5e00000, 0x00000000c5e00000|100%| E|CS|TAMS 0x00000000c5d00000, 0x00000000c5d00000| Complete 

Card table byte_map: [0x00000256ea3d0000,0x00000256ea5d0000] _byte_map_base: 0x00000256e9dc1000

Marking Bits (Prev, Next): (CMBitMap*) 0x00000256d0b8b518, (CMBitMap*) 0x00000256d0b8b558
 Prev Bits: [0x00000256ea7d0000, 0x00000256eb758000)
 Next Bits: [0x00000256eb760000, 0x00000256ec6e8000)

Polling page: 0x00000256d09d0000

Metaspace:

Usage:
  Non-class:     11.54 MB capacity,    11.33 MB ( 98%) used,   179.05 KB (  2%) free+waste,    35.00 KB ( <1%) overhead. 
      Class:      1.68 MB capacity,     1.53 MB ( 91%) used,   131.86 KB (  8%) free+waste,    19.31 KB (  1%) overhead. 
       Both:     13.22 MB capacity,    12.86 MB ( 97%) used,   310.91 KB (  2%) free+waste,    54.31 KB ( <1%) overhead. 

Virtual space:
  Non-class space:       12.00 MB reserved,      11.75 MB ( 98%) committed 
      Class space:        1.00 GB reserved,       1.75 MB ( <1%) committed 
             Both:        1.01 GB reserved,      13.50 MB (  1%) committed 

Chunk freelists:
   Non-Class:  3.00 KB
       Class:  1.38 KB
        Both:  4.38 KB

CodeHeap 'non-profiled nmethods': size=120000Kb used=770Kb max_used=770Kb free=119229Kb
 bounds [0x00000256e2220000, 0x00000256e2490000, 0x00000256e9750000]
CodeHeap 'profiled nmethods': size=120000Kb used=4327Kb max_used=4327Kb free=115672Kb
 bounds [0x00000256dacf0000, 0x00000256db130000, 0x00000256e2220000]
CodeHeap 'non-nmethods': size=5760Kb used=1263Kb max_used=1297Kb free=4497Kb
 bounds [0x00000256da750000, 0x00000256da9c0000, 0x00000256dacf0000]
 total_blobs=2950 nmethods=1989 adapters=545
 compilation: enabled
              stopped_count=0, restarted_count=0
 full_count=0

Compilation events (10 events):
Event: 13.212 Thread 0x00000256ef14c000 2003       3       java.awt.Container::invalidateParent (18 bytes)
Event: 13.212 Thread 0x00000256ef14c000 nmethod 2003 0x00000256db124c90 code [0x00000256db124e80, 0x00000256db125390]
Event: 13.212 Thread 0x00000256ef14c000 2004       3       java.awt.Component::invalidateParent (15 bytes)
Event: 13.212 Thread 0x00000256ef14c000 nmethod 2004 0x00000256db125510 code [0x00000256db125700, 0x00000256db125bb0]
Event: 13.212 Thread 0x00000256ef14c000 2000       3       javax.swing.plaf.synth.SynthContext::getPainter (19 bytes)
Event: 13.212 Thread 0x00000256ef14c000 nmethod 2000 0x00000256db125d10 code [0x00000256db125ee0, 0x00000256db1261b0]
Event: 13.212 Thread 0x00000256ef14c000 2005   !   3       java.awt.KeyboardFocusManager::processCurrentLightweightRequests (345 bytes)
Event: 13.214 Thread 0x00000256ef14c000 nmethod 2005 0x00000256db126290 code [0x00000256db1266e0, 0x00000256db128de0]
Event: 13.214 Thread 0x00000256ef14c000 2008   !   3       java.awt.DefaultKeyboardFocusManager::dispatchEvent (1616 bytes)
Event: 13.215 Thread 0x00000256ef148800 2009 %     4       sun.java2d.marlin.DRenderer::_endRendering @ 1927 (2480 bytes)

GC Heap History (2 events):
Event: 13.127 GC heap before
{Heap before GC invocations=0 (full 0):
 garbage-first heap   total 65536K, used 30720K [0x00000000c1e00000, 0x0000000100000000)
  region size 1024K, 24 young (24576K), 0 survivors (0K)
 Metaspace       used 12385K, capacity 12737K, committed 12928K, reserved 1060864K
  class space    used 1412K, capacity 1580K, committed 1664K, reserved 1048576K
}
Event: 13.131 GC heap after
{Heap after GC invocations=1 (full 0):
 garbage-first heap   total 65536K, used 9903K [0x00000000c1e00000, 0x0000000100000000)
  region size 1024K, 3 young (3072K), 3 survivors (3072K)
 Metaspace       used 12385K, capacity 12737K, committed 12928K, reserved 1060864K
  class space    used 1412K, capacity 1580K, committed 1664K, reserved 1048576K
}

Deoptimization events (10 events):
Event: 13.132 Thread 0x00000256efea3800 Uncommon trap: reason=unstable_if action=reinterpret pc=0x00000256e22b1f50 method=java.util.concurrent.ConcurrentHashMap.get(Ljava/lang/Object;)Ljava/lang/Object; @ 152 c2
Event: 13.138 Thread 0x00000256efea3800 Uncommon trap: reason=unstable_if action=reinterpret pc=0x00000256e226c9c8 method=java.util.HashMap.putVal(ILjava/lang/Object;Ljava/lang/Object;ZZ)Ljava/lang/Object; @ 109 c2
Event: 13.140 Thread 0x00000256efea3800 Uncommon trap: reason=class_check action=maybe_recompile pc=0x00000256e22970cc method=java.util.Hashtable.put(Ljava/lang/Object;Ljava/lang/Object;)Ljava/lang/Object; @ 60 c2
Event: 13.140 Thread 0x00000256efea3800 Uncommon trap: reason=class_check action=maybe_recompile pc=0x00000256e22970cc method=java.util.Hashtable.put(Ljava/lang/Object;Ljava/lang/Object;)Ljava/lang/Object; @ 60 c2
Event: 13.140 Thread 0x00000256efea3800 Uncommon trap: reason=class_check action=maybe_recompile pc=0x00000256e22970cc method=java.util.Hashtable.put(Ljava/lang/Object;Ljava/lang/Object;)Ljava/lang/Object; @ 60 c2
Event: 13.141 Thread 0x00000256efea3800 Uncommon trap: reason=class_check action=maybe_recompile pc=0x00000256e22970cc method=java.util.Hashtable.put(Ljava/lang/Object;Ljava/lang/Object;)Ljava/lang/Object; @ 60 c2
Event: 13.188 Thread 0x00000256efea3800 Uncommon trap: reason=bimorphic_or_optimized_type_check action=maybe_recompile pc=0x00000256e22dc3fc method=java.util.Hashtable.put(Ljava/lang/Object;Ljava/lang/Object;)Ljava/lang/Object; @ 60 c2
Event: 13.188 Thread 0x00000256efea3800 Uncommon trap: reason=bimorphic_or_optimized_type_check action=maybe_recompile pc=0x00000256e22dc3fc method=java.util.Hashtable.put(Ljava/lang/Object;Ljava/lang/Object;)Ljava/lang/Object; @ 60 c2
Event: 13.188 Thread 0x00000256efea3800 Uncommon trap: reason=bimorphic_or_optimized_type_check action=maybe_recompile pc=0x00000256e22dc3fc method=java.util.Hashtable.put(Ljava/lang/Object;Ljava/lang/Object;)Ljava/lang/Object; @ 60 c2
Event: 13.188 Thread 0x00000256efea3800 Uncommon trap: reason=bimorphic_or_optimized_type_check action=maybe_recompile pc=0x00000256e22dc3fc method=java.util.Hashtable.put(Ljava/lang/Object;Ljava/lang/Object;)Ljava/lang/Object; @ 60 c2

Classes redefined (0 events):
No events

Internal exceptions (10 events):
Event: 0.226 Thread 0x00000256d0b5e800 Exception <a 'java/lang/ClassNotFoundException'{0x00000000c5816628}: javax/swing/JTreeCell> (0x00000000c5816628) thrown at [t:/workspace/open/src/hotspot/share/classfile/systemDictionary.cpp, line 235]
Event: 0.227 Thread 0x00000256d0b5e800 Exception <a 'java/lang/ClassNotFoundException'{0x00000000c5816928}: TreeCell> (0x00000000c5816928) thrown at [t:/workspace/open/src/hotspot/share/classfile/systemDictionary.cpp, line 235]
Event: 0.227 Thread 0x00000256d0b5e800 Exception <a 'java/lang/ClassNotFoundException'{0x00000000c5817158}: RootPane> (0x00000000c5817158) thrown at [t:/workspace/open/src/hotspot/share/classfile/systemDictionary.cpp, line 235]
Event: 0.228 Thread 0x00000256d0b5e800 Exception <a 'java/lang/ClassNotFoundException'{0x00000000c581b058}: com/sun/swing/internal/plaf/metal/resources/spi/metalProvider> (0x00000000c581b058) thrown at [t:/workspace/open/src/hotspot/share/classfile/systemDictionary.cpp, line 235]
Event: 0.229 Thread 0x00000256d0b5e800 Exception <a 'java/lang/ClassNotFoundException'{0x00000000c581f0a0}: com/sun/swing/internal/plaf/basic/resources/spi/basicProvider> (0x00000000c581f0a0) thrown at [t:/workspace/open/src/hotspot/share/classfile/systemDictionary.cpp, line 235]
Event: 0.250 Thread 0x00000256efea3800 Exception <a 'java/lang/ClassNotFoundException'{0x00000000c571d030}: com/sun/swing/internal/plaf/synth/resources/spi/synthProvider> (0x00000000c571d030) thrown at [t:/workspace/open/src/hotspot/share/classfile/systemDictionary.cpp, line 235]
Event: 0.310 Thread 0x00000256efea3800 Exception <a 'java/lang/NoSuchMethodError'{0x00000000c551a5f8}: java.lang.invoke.DirectMethodHandle$Holder.invokeStaticInit(Ljava/lang/Object;)V> (0x00000000c551a5f8) thrown at [t:/workspace/open/src/hotspot/share/interpreter/linkResolver.cpp, line 777]
Event: 0.315 Thread 0x00000256efea3800 Exception <a 'java/lang/NoSuchMethodError'{0x00000000c55451c8}: java.lang.invoke.Invokers$Holder.linkToTargetMethod(Ljava/lang/Object;ILjava/lang/Object;)Ljava/lang/Object;> (0x00000000c55451c8) thrown at [t:/workspace/open/src/hotspot/share/interpreter/l
Event: 13.101 Thread 0x00000256efea3800 Exception <a 'java/lang/NoSuchMethodError'{0x00000000c463a0e0}: java.lang.invoke.DirectMethodHandle$Holder.invokeSpecialIFC(Ljava/lang/Object;Ljava/lang/Object;I)I> (0x00000000c463a0e0) thrown at [t:/workspace/open/src/hotspot/share/interpreter/linkResolv
Event: 13.122 Thread 0x00000256efea3800 Implicit null exception at 0x00000256e22b5f05 to 0x00000256e22b62d1

Events (10 events):
Event: 13.208 loading class java/awt/SecondaryLoop done
Event: 13.208 loading class java/awt/WaitDispatchSupport done
Event: 13.208 loading class java/awt/WaitDispatchSupport$5
Event: 13.208 loading class java/awt/WaitDispatchSupport$5 done
Event: 13.208 loading class java/awt/WaitDispatchSupport$1
Event: 13.208 loading class java/awt/WaitDispatchSupport$1 done
Event: 13.208 loading class java/awt/WaitDispatchSupport$2
Event: 13.208 loading class java/awt/WaitDispatchSupport$2 done
Event: 13.208 loading class java/awt/WaitDispatchSupport$4
Event: 13.208 loading class java/awt/WaitDispatchSupport$4 done


Dynamic libraries:
0x00007ff7d1ce0000 - 0x00007ff7d1cef000 	C:\Program Files\Java\jdk-12.0.1\bin\java.exe
0x00007ffbba9a0000 - 0x00007ffbbab90000 	C:\WINDOWS\SYSTEM32\ntdll.dll
0x00007ffba35a0000 - 0x00007ffba35b4000 	C:\Program Files\AVAST Software\Avast\aswhook.dll
0x00007ffbb9ef0000 - 0x00007ffbb9fa2000 	C:\WINDOWS\System32\KERNEL32.DLL
0x00007ffbb83b0000 - 0x00007ffbb8653000 	C:\WINDOWS\System32\KERNELBASE.dll
0x00007ffbb7a60000 - 0x00007ffbb7b5a000 	C:\WINDOWS\System32\ucrtbase.dll
0x00007ffbb2540000 - 0x00007ffbb2558000 	C:\Program Files\Java\jdk-12.0.1\bin\jli.dll
0x00007ffbb8b50000 - 0x00007ffbb8bf3000 	C:\WINDOWS\System32\ADVAPI32.dll
0x00007ffbb8ab0000 - 0x00007ffbb8b4e000 	C:\WINDOWS\System32\msvcrt.dll
0x00007ffbb9fb0000 - 0x00007ffbba047000 	C:\WINDOWS\System32\sechost.dll
0x00007ffbba4b0000 - 0x00007ffbba5d0000 	C:\WINDOWS\System32\RPCRT4.dll
0x00007ffbba310000 - 0x00007ffbba4a4000 	C:\WINDOWS\System32\USER32.dll
0x00007ffbb7990000 - 0x00007ffbb79b1000 	C:\WINDOWS\System32\win32u.dll
0x00007ffbba8b0000 - 0x00007ffbba8d6000 	C:\WINDOWS\System32\GDI32.dll
0x00007ffbb8660000 - 0x00007ffbb87f4000 	C:\WINDOWS\System32\gdi32full.dll
0x00007ffbb79c0000 - 0x00007ffbb7a5e000 	C:\WINDOWS\System32\msvcp_win.dll
0x00007ffb8cab0000 - 0x00007ffb8cac6000 	C:\Program Files\Java\jdk-12.0.1\bin\VCRUNTIME140.dll
0x00007ffba8100000 - 0x00007ffba8385000 	C:\WINDOWS\WinSxS\amd64_microsoft.windows.common-controls_6595b64144ccf1df_6.0.18362.535_none_e6c3b34713100821\COMCTL32.dll
0x00007ffbb8ec0000 - 0x00007ffbb91f6000 	C:\WINDOWS\System32\combase.dll
0x00007ffbb89d0000 - 0x00007ffbb8a50000 	C:\WINDOWS\System32\bcryptPrimitives.dll
0x00007ffbaf2f0000 - 0x00007ffbaf2fa000 	C:\WINDOWS\SYSTEM32\VERSION.dll
0x00007ffbba2e0000 - 0x00007ffbba30e000 	C:\WINDOWS\System32\IMM32.DLL
0x00007ffb691a0000 - 0x00007ffb6924a000 	C:\Program Files\Java\jdk-12.0.1\bin\msvcp140.dll
0x00007ffb693f0000 - 0x00007ffb69f64000 	C:\Program Files\Java\jdk-12.0.1\bin\server\jvm.dll
0x00007ffbba6f0000 - 0x00007ffbba6f8000 	C:\WINDOWS\System32\PSAPI.DLL
0x00007ffba7fe0000 - 0x00007ffba7fe9000 	C:\WINDOWS\SYSTEM32\WSOCK32.dll
0x00007ffbba680000 - 0x00007ffbba6ef000 	C:\WINDOWS\System32\WS2_32.dll
0x00007ffbb3360000 - 0x00007ffbb3384000 	C:\WINDOWS\SYSTEM32\WINMM.dll
0x00007ffbb3330000 - 0x00007ffbb335d000 	C:\WINDOWS\SYSTEM32\WINMMBASE.dll
0x00007ffbb8830000 - 0x00007ffbb887a000 	C:\WINDOWS\System32\cfgmgr32.dll
0x00007ffbb7880000 - 0x00007ffbb7891000 	C:\WINDOWS\System32\kernel.appcore.dll
0x00007ffb8ca20000 - 0x00007ffb8ca31000 	C:\Program Files\Java\jdk-12.0.1\bin\verify.dll
0x00007ffbae7f0000 - 0x00007ffbae9e4000 	C:\WINDOWS\SYSTEM32\DBGHELP.DLL
0x00007ffbae680000 - 0x00007ffbae6aa000 	C:\WINDOWS\SYSTEM32\dbgcore.DLL
0x00007ffb8ca40000 - 0x00007ffb8ca66000 	C:\Program Files\Java\jdk-12.0.1\bin\java.dll
0x00007ffb8ca00000 - 0x00007ffb8ca17000 	C:\Program Files\Java\jdk-12.0.1\bin\zip.dll
0x00007ffb8cfd0000 - 0x00007ffb8cfda000 	C:\Program Files\Java\jdk-12.0.1\bin\jimage.dll
0x00007ffbb9800000 - 0x00007ffbb9ee5000 	C:\WINDOWS\System32\SHELL32.dll
0x00007ffbba5d0000 - 0x00007ffbba679000 	C:\WINDOWS\System32\shcore.dll
0x00007ffbb7c10000 - 0x00007ffbb838f000 	C:\WINDOWS\System32\windows.storage.dll
0x00007ffbb7910000 - 0x00007ffbb792f000 	C:\WINDOWS\System32\profapi.dll
0x00007ffbb78a0000 - 0x00007ffbb78ea000 	C:\WINDOWS\System32\powrprof.dll
0x00007ffbb7870000 - 0x00007ffbb7880000 	C:\WINDOWS\System32\UMPDC.dll
0x00007ffbb8e60000 - 0x00007ffbb8eb2000 	C:\WINDOWS\System32\shlwapi.dll
0x00007ffbb8390000 - 0x00007ffbb83a7000 	C:\WINDOWS\System32\cryptsp.dll
0x00007ffb69250000 - 0x00007ffb693ef000 	C:\Program Files\Java\jdk-12.0.1\bin\awt.dll
0x00007ffbb8cb0000 - 0x00007ffbb8d74000 	C:\WINDOWS\System32\OLEAUT32.dll
0x00007ffbb4340000 - 0x00007ffbb4900000 	C:\WINDOWS\SYSTEM32\d2d1.dll
0x00007ffbb5720000 - 0x00007ffbb57af000 	C:\WINDOWS\SYSTEM32\apphelp.dll
0x00007ffbb5860000 - 0x00007ffbb58f9000 	C:\WINDOWS\system32\uxtheme.dll
0x00007ffbba130000 - 0x00007ffbba265000 	C:\WINDOWS\System32\MSCTF.dll
0x00007ffbb9230000 - 0x00007ffbb9386000 	C:\WINDOWS\System32\ole32.dll
0x00007ffbb5d20000 - 0x00007ffbb5d4d000 	C:\WINDOWS\system32\DWMAPI.DLL
0x00007ffb8c940000 - 0x00007ffb8c9c0000 	C:\Program Files\Java\jdk-12.0.1\bin\freetype.dll
0x00007ffb69130000 - 0x00007ffb6919f000 	C:\Program Files\Java\jdk-12.0.1\bin\fontmanager.dll
0x00007ffb92c30000 - 0x00007ffb92d86000 	C:\WINDOWS\system32\opengl32.dll
0x00007ffb92bc0000 - 0x00007ffb92bec000 	C:\WINDOWS\SYSTEM32\GLU32.dll
0x00007ffbb64e0000 - 0x00007ffbb6500000 	C:\WINDOWS\SYSTEM32\dxcore.dll
0x00007ffbb27c0000 - 0x00007ffbb27ed000 	C:\Program Files\Java\jdk-12.0.1\bin\javajpeg.dll
0x00007ffb8c9e0000 - 0x00007ffb8c9f9000 	C:\Program Files\Java\jdk-12.0.1\bin\net.dll
0x00007ffbb28b0000 - 0x00007ffbb29a0000 	C:\WINDOWS\SYSTEM32\WINHTTP.dll
0x00007ffbaa360000 - 0x00007ffbaa536000 	C:\WINDOWS\SYSTEM32\urlmon.dll
0x00007ffbaa690000 - 0x00007ffbaa936000 	C:\WINDOWS\SYSTEM32\iertutil.dll
0x00007ffbb72b0000 - 0x00007ffbb72bc000 	C:\WINDOWS\SYSTEM32\CRYPTBASE.DLL
0x00007ffbb70e0000 - 0x00007ffbb7147000 	C:\WINDOWS\system32\mswsock.dll
0x00007ffb8c9c0000 - 0x00007ffb8c9d3000 	C:\Program Files\Java\jdk-12.0.1\bin\nio.dll
0x00007ffbabc80000 - 0x00007ffbabd1e000 	C:\WINDOWS\System32\TextInputFramework.dll
0x00007ffbb16e0000 - 0x00007ffbb1a0a000 	C:\WINDOWS\System32\CoreUIComponents.dll
0x00007ffbb51a0000 - 0x00007ffbb5274000 	C:\WINDOWS\System32\CoreMessaging.dll
0x00007ffbb68d0000 - 0x00007ffbb6901000 	C:\WINDOWS\SYSTEM32\ntmarta.dll
0x00007ffbb3520000 - 0x00007ffbb3673000 	C:\WINDOWS\SYSTEM32\wintypes.dll
0x00007ffbb8c00000 - 0x00007ffbb8ca2000 	C:\WINDOWS\System32\clbcatq.dll
0x00007ffbb1020000 - 0x00007ffbb11cf000 	C:\WINDOWS\SYSTEM32\WindowsCodecs.dll
0x00007ffb90e40000 - 0x00007ffb90e7a000 	C:\WINDOWS\system32\dataexchange.dll
0x00007ffbb4900000 - 0x00007ffbb4b5b000 	C:\WINDOWS\system32\d3d11.dll
0x00007ffbb4fc0000 - 0x00007ffbb519b000 	C:\WINDOWS\system32\dcomp.dll
0x00007ffbb6570000 - 0x00007ffbb665b000 	C:\WINDOWS\system32\dxgi.dll
0x00007ffbb59d0000 - 0x00007ffbb5c2a000 	C:\WINDOWS\system32\twinapi.appcore.dll
0x00007ffbb5ee0000 - 0x00007ffbb5f09000 	C:\WINDOWS\system32\RMCLIENT.dll

dbghelp: loaded successfully - version: 4.0.5 - missing functions: none
symbol engine: initialized successfully - sym options: 0x614 - pdb path: .;C:\Program Files\Java\jdk-12.0.1\bin;C:\WINDOWS\SYSTEM32;C:\Program Files\AVAST Software\Avast;C:\WINDOWS\WinSxS\amd64_microsoft.windows.common-controls_6595b64144ccf1df_6.0.18362.535_none_e6c3b34713100821;C:\Program Files\Java\jdk-12.0.1\bin\server

VM Arguments:
java_command: com.mycompany.urbanplanning3.Input
java_class_path (initial): C:\Users\user\Documents\NetBeansProjects\UrbanPlanning3.0\target\classes
Launcher Type: SUN_STANDARD

[Global flags]
     intx CICompilerCount                          = 4                                         {product} {ergonomic}
     uint ConcGCThreads                            = 2                                         {product} {ergonomic}
     uint G1ConcRefinementThreads                  = 8                                         {product} {ergonomic}
   size_t G1HeapRegionSize                         = 1048576                                   {product} {ergonomic}
    uintx GCDrainStackTargetSize                   = 64                                        {product} {ergonomic}
   size_t InitialHeapSize                          = 67108864                                  {product} {ergonomic}
   size_t MarkStackSize                            = 4194304                                   {product} {ergonomic}
   size_t MaxHeapSize                              = 1042284544                                {product} {ergonomic}
   size_t MaxNewSize                               = 624951296                                 {product} {ergonomic}
   size_t MinHeapDeltaBytes                        = 1048576                                   {product} {ergonomic}
    uintx NonNMethodCodeHeapSize                   = 5836300                                {pd product} {ergonomic}
    uintx NonProfiledCodeHeapSize                  = 122910970                              {pd product} {ergonomic}
    uintx ProfiledCodeHeapSize                     = 122910970                              {pd product} {ergonomic}
    uintx ReservedCodeCacheSize                    = 251658240                              {pd product} {ergonomic}
     bool SegmentedCodeCache                       = true                                      {product} {ergonomic}
     bool UseCompressedClassPointers               = true                                 {lp64_product} {ergonomic}
     bool UseCompressedOops                        = true                                 {lp64_product} {ergonomic}
     bool UseG1GC                                  = true                                      {product} {ergonomic}
     bool UseLargePagesIndividualAllocation        = false                                  {pd product} {ergonomic}

Logging:
Log output configuration:
 #0: stdout all=warning uptime,level,tags
 #1: stderr all=off uptime,level,tags

Environment Variables:
JAVA_HOME=C:\Program Files\Java\jdk-12.0.1
PATH=C:\ProgramData\Oracle\Java\javapath;C:\Program Files (x86)\Intel\iCLS Client\;C:\Program Files\Intel\iCLS Client\;C:\WINDOWS\system32;C:\WINDOWS;C:\WINDOWS\System32\Wbem;C:\WINDOWS\System32\WindowsPowerShell\v1.0\;C:\Program Files\Intel\WiFi\bin\;C:\Program Files\Common Files\Intel\WirelessCommon\;C:\Program Files (x86)\Intel\Intel(R) Management Engine Components\DAL;C:\Program Files\Intel\Intel(R) Management Engine Components\DAL;C:\Program Files (x86)\Intel\Intel(R) Management Engine Components\IPT;C:\Program Files\Intel\Intel(R) Management Engine Components\IPT;C:\WINDOWS\System32\OpenSSH\;C:\Users\user\Desktop\jdk-12.0.1_windows-x64_bin.exe;C:\Program Files\Java\jdk1.8.0_111\bin;C:\Program Files\Java\jre1.8.0_111\bin;C:\Program Files\Java\jdk-12.0.1\bin;C:\Program Files\Git\cmd;C:\Maven\bin;C:\Maven\bin;C:\Program Files\Microsoft SQL Server\110\Tools\Binn\;C:\Program Files\dotnet\;C:\Users\user\AppData\Local\Programs\Python\Python37\Scripts\;C:\Users\user\AppData\Local\Programs\Python\Python37\;C:\Users\user\Miniconda3;C:\Users\user\Miniconda3\Library\mingw-w64\bin;C:\Users\user\Miniconda3\Library\usr\bin;C:\Users\user\Miniconda3\Library\bin;C:\Users\user\Miniconda3\Scripts;C:\Users\user\AppData\Local\Microsoft\WindowsApps;C:\Users\user\AppData\Local\Programs\Microsoft VS Code\bin;C:\Program Files\JetBrains\PyCharm Community Edition 2019.2.2\bin;C:\Users\user\AppData\Local\GitHubDesktop\bin
USERNAME=user
OS=Windows_NT
PROCESSOR_IDENTIFIER=Intel64 Family 6 Model 142 Stepping 10, GenuineIntel



---------------  S Y S T E M  ---------------

OS: Windows 10 , 64 bit Build 18362 (10.0.18362.329)

CPU:total 8 (initial active 8) (4 cores per cpu, 2 threads per core) family 6 model 142 stepping 10, cmov, cx8, fxsr, mmx, sse, sse2, sse3, ssse3, sse4.1, sse4.2, popcnt, avx, avx2, aes, clmul, erms, 3dnowpref, lzcnt, ht, tsc, tscinvbit, bmi1, bmi2, adx, fma

Memory: 4k page, system-wide physical 3973M (371M free)
TotalPageFile size 16261M (AvailPageFile size 4M)
current process WorkingSet (physical memory assigned to process): 100M, peak: 100M
current process commit charge ("private bytes"): 167M, peak: 171M

vm_info: Java HotSpot(TM) 64-Bit Server VM (12.0.1+12) for windows-amd64 JRE (12.0.1+12), built on Apr  2 2019 14:02:19 by "mach5one" with MS VC++ 15.5 (VS2017)

END.
