#
# There is insufficient memory for the Java Runtime Environment to continue.
# Native memory allocation (malloc) failed to allocate 1048576 bytes for AllocateHeap
# Possible reasons:
#   The system is out of physical RAM or swap space
#   The process is running with CompressedOops enabled, and the Java Heap may be blocking the growth of the native heap
# Possible solutions:
#   Reduce memory load on the system
#   Increase physical memory or swap space
#   Check if swap backing store is full
#   Decrease Java heap size (-Xmx/-Xms)
#   Decrease number of Java threads
#   Decrease Java thread stack sizes (-Xss)
#   Set larger code cache with -XX:ReservedCodeCacheSize=
#   JVM is running with Unscaled Compressed Oops mode in which the Java heap is
#     placed in the first 4GB address space. The Java Heap base address is the
#     maximum limit for the native heap growth. Please use -XX:HeapBaseMinAddress
#     to set the Java Heap base and to place the Java Heap above 4GB virtual address.
# This output file may be truncated or incomplete.
#
#  Out of Memory Error (t:/workspace/open/src/hotspot/share/memory/allocation.cpp:46), pid=13000, tid=15868
#
# JRE version:  (12.0.1+12) (build )
# Java VM: Java HotSpot(TM) 64-Bit Server VM (12.0.1+12, mixed mode, aot, sharing, tiered, compressed oops, g1 gc, windows-amd64)
# No core dump will be written. Minidumps are not enabled by default on client versions of Windows
#

---------------  S U M M A R Y ------------

Command Line: -Dclassworlds.conf=C:\Program Files\NetBeans-11.1\netbeans\java\maven\bin\m2.conf -Dmaven.home=C:\Program Files\NetBeans-11.1\netbeans\java\maven -Dmaven.multiModuleProjectDirectory=C:\Users\user\Documents\NetBeansProjects\UrbanPlanning3.0 org.codehaus.plexus.classworlds.launcher.Launcher -Dexec.args=-classpath %classpath com.mycompany.urbanplanning3.FirstMap -Dexec.executable=C:\Program Files\Java\jdk-12.0.1\bin\java.exe -Dmaven.ext.class.path=C:\Program Files\NetBeans-11.1\netbeans\java\maven-nblib\netbeans-eventspy.jar -Dfile.encoding=UTF-8 org.codehaus.mojo:exec-maven-plugin:1.5.0:exec

Host: Intel(R) Core(TM) i5-8250U CPU @ 1.60GHz, 8 cores, 3G,  Windows 10 , 64 bit Build 18362 (10.0.18362.329)
Time: Thu Dec 19 10:53:40 2019 Malay Peninsula Standard Time elapsed time: 0 seconds (0d 0h 0m 0s)

---------------  T H R E A D  ---------------

Current thread (0x000001b5fd045800):  JavaThread "Unknown thread" [_thread_in_vm, id=15868, stack(0x0000007b44d00000,0x0000007b44e00000)]

Stack: [0x0000007b44d00000,0x0000007b44e00000]
Native frames: (J=compiled Java code, j=interpreted, Vv=VM code, C=native code)
V  [jvm.dll+0x63948a]
V  [jvm.dll+0x78b31f]
V  [jvm.dll+0x78c9c1]
V  [jvm.dll+0x78d013]
V  [jvm.dll+0x262138]
V  [jvm.dll+0xbcd7f]
V  [jvm.dll+0x2f3209]
V  [jvm.dll+0x2e9c87]
V  [jvm.dll+0x7657a7]
V  [jvm.dll+0x766e95]
V  [jvm.dll+0x37f089]
V  [jvm.dll+0x749b14]
V  [jvm.dll+0x3ee48d]
V  [jvm.dll+0x3f03c1]
C  [jli.dll+0x51cf]
C  [ucrtbase.dll+0x20e72]
C  [KERNEL32.DLL+0x17bd4]
C  [ntdll.dll+0x6ced1]


---------------  P R O C E S S  ---------------

Threads class SMR info:
_java_thread_list=0x00007ff885b348e8, length=0, elements={
}

Java Threads: ( => current thread )

Other Threads:

[error occurred during error reporting (printing all threads), id 0xc0000005, EXCEPTION_ACCESS_VIOLATION (0xc0000005) at pc=0x00007ff8857ae887]

VM state:not at safepoint (not fully initialized)

VM Mutex/Monitor currently owned by a thread: None


[error occurred during error reporting (printing compressed oops mode), id 0xc0000005, EXCEPTION_ACCESS_VIOLATION (0xc0000005) at pc=0x00007ff8857c6567]

GC Heap History (0 events):
No events

Deoptimization events (0 events):
No events

Classes redefined (0 events):
No events

Internal exceptions (0 events):
No events

Events (0 events):
No events


Dynamic libraries:
0x00007ff78f390000 - 0x00007ff78f39f000 	C:\Program Files\Java\jdk-12.0.1\bin\java.exe
0x00007ff8bd540000 - 0x00007ff8bd730000 	C:\WINDOWS\SYSTEM32\ntdll.dll
0x00007ff880ab0000 - 0x00007ff880ac4000 	C:\Program Files\AVAST Software\Avast\aswhook.dll
0x00007ff8bc910000 - 0x00007ff8bc9c2000 	C:\WINDOWS\System32\KERNEL32.DLL
0x00007ff8ba870000 - 0x00007ff8bab13000 	C:\WINDOWS\System32\KERNELBASE.dll
0x00007ff8bad70000 - 0x00007ff8bae6a000 	C:\WINDOWS\System32\ucrtbase.dll
0x00007ff8b8d40000 - 0x00007ff8b8d58000 	C:\Program Files\Java\jdk-12.0.1\bin\jli.dll
0x00007ff8bc100000 - 0x00007ff8bc1a3000 	C:\WINDOWS\System32\ADVAPI32.dll
0x00007ff8bcd30000 - 0x00007ff8bcdce000 	C:\WINDOWS\System32\msvcrt.dll
0x00007ff8bc2b0000 - 0x00007ff8bc347000 	C:\WINDOWS\System32\sechost.dll
0x00007ff8bcf70000 - 0x00007ff8bd090000 	C:\WINDOWS\System32\RPCRT4.dll
0x00007ff8bbe30000 - 0x00007ff8bbfc4000 	C:\WINDOWS\System32\USER32.dll
0x00007ff8bab20000 - 0x00007ff8bab41000 	C:\WINDOWS\System32\win32u.dll
0x00007ff8bc280000 - 0x00007ff8bc2a6000 	C:\WINDOWS\System32\GDI32.dll
0x00007ff8ba4d0000 - 0x00007ff8ba664000 	C:\WINDOWS\System32\gdi32full.dll
0x00007ff8ba6c0000 - 0x00007ff8ba75e000 	C:\WINDOWS\System32\msvcp_win.dll
0x00007ff8a8480000 - 0x00007ff8a8496000 	C:\Program Files\Java\jdk-12.0.1\bin\VCRUNTIME140.dll
0x00007ff8aa9a0000 - 0x00007ff8aac25000 	C:\WINDOWS\WinSxS\amd64_microsoft.windows.common-controls_6595b64144ccf1df_6.0.18362.535_none_e6c3b34713100821\COMCTL32.dll
0x00007ff8bc9d0000 - 0x00007ff8bcd06000 	C:\WINDOWS\System32\combase.dll
0x00007ff8bab50000 - 0x00007ff8babd0000 	C:\WINDOWS\System32\bcryptPrimitives.dll
0x00007ff8b2aa0000 - 0x00007ff8b2aaa000 	C:\WINDOWS\SYSTEM32\VERSION.dll
0x00007ff8bc8e0000 - 0x00007ff8bc90e000 	C:\WINDOWS\System32\IMM32.DLL
0x00007ff884dd0000 - 0x00007ff884e7a000 	C:\Program Files\Java\jdk-12.0.1\bin\msvcp140.dll
0x00007ff885060000 - 0x00007ff885bd4000 	C:\Program Files\Java\jdk-12.0.1\bin\server\jvm.dll
0x00007ff8bd4f0000 - 0x00007ff8bd4f8000 	C:\WINDOWS\System32\PSAPI.DLL
0x00007ff8aa990000 - 0x00007ff8aa999000 	C:\WINDOWS\SYSTEM32\WSOCK32.dll
0x00007ff8bc7c0000 - 0x00007ff8bc82f000 	C:\WINDOWS\System32\WS2_32.dll
0x00007ff8b5ec0000 - 0x00007ff8b5ee4000 	C:\WINDOWS\SYSTEM32\WINMM.dll
0x00007ff8b5e90000 - 0x00007ff8b5ebd000 	C:\WINDOWS\SYSTEM32\WINMMBASE.dll
0x00007ff8babd0000 - 0x00007ff8bac1a000 	C:\WINDOWS\System32\cfgmgr32.dll
0x00007ff8ba460000 - 0x00007ff8ba471000 	C:\WINDOWS\System32\kernel.appcore.dll
0x00007ff8a4940000 - 0x00007ff8a4951000 	C:\Program Files\Java\jdk-12.0.1\bin\verify.dll
0x00007ff8b1590000 - 0x00007ff8b1784000 	C:\WINDOWS\SYSTEM32\DBGHELP.DLL
0x00007ff8b1350000 - 0x00007ff8b137a000 	C:\WINDOWS\SYSTEM32\dbgcore.DLL
0x00007ff896470000 - 0x00007ff896496000 	C:\Program Files\Java\jdk-12.0.1\bin\java.dll
0x00007ff8929c0000 - 0x00007ff8929d7000 	C:\Program Files\Java\jdk-12.0.1\bin\zip.dll
0x00007ff8ae960000 - 0x00007ff8ae96a000 	C:\Program Files\Java\jdk-12.0.1\bin\jimage.dll

dbghelp: loaded successfully - version: 4.0.5 - missing functions: none
symbol engine: initialized successfully - sym options: 0x614 - pdb path: .;C:\Program Files\Java\jdk-12.0.1\bin;C:\WINDOWS\SYSTEM32;C:\Program Files\AVAST Software\Avast;C:\WINDOWS\WinSxS\amd64_microsoft.windows.common-controls_6595b64144ccf1df_6.0.18362.535_none_e6c3b34713100821;C:\Program Files\Java\jdk-12.0.1\bin\server

VM Arguments:
jvm_args: -Dclassworlds.conf=C:\Program Files\NetBeans-11.1\netbeans\java\maven\bin\m2.conf -Dmaven.home=C:\Program Files\NetBeans-11.1\netbeans\java\maven -Dmaven.multiModuleProjectDirectory=C:\Users\user\Documents\NetBeansProjects\UrbanPlanning3.0 
java_command: org.codehaus.plexus.classworlds.launcher.Launcher -Dexec.args=-classpath %classpath com.mycompany.urbanplanning3.FirstMap -Dexec.executable=C:\Program Files\Java\jdk-12.0.1\bin\java.exe -Dmaven.ext.class.path=C:\Program Files\NetBeans-11.1\netbeans\java\maven-nblib\netbeans-eventspy.jar -Dfile.encoding=UTF-8 org.codehaus.mojo:exec-maven-plugin:1.5.0:exec
java_class_path (initial): C:\Program Files\NetBeans-11.1\netbeans\java\maven\boot\plexus-classworlds-2.5.2.jar
Launcher Type: SUN_STANDARD

[Global flags]
     intx CICompilerCount                          = 4                                         {product} {ergonomic}
     uint G1ConcRefinementThreads                  = 8                                         {product} {ergonomic}
   size_t G1HeapRegionSize                         = 1048576                                   {product} {ergonomic}
    uintx GCDrainStackTargetSize                   = 64                                        {product} {ergonomic}
   size_t InitialHeapSize                          = 67108864                                  {product} {ergonomic}
   size_t MaxHeapSize                              = 1042284544                                {product} {ergonomic}
   size_t MinHeapDeltaBytes                        = 1048576                                   {product} {ergonomic}
    uintx NonNMethodCodeHeapSize                   = 5836300                                {pd product} {ergonomic}
    uintx NonProfiledCodeHeapSize                  = 122910970                              {pd product} {ergonomic}
    uintx ProfiledCodeHeapSize                     = 122910970                              {pd product} {ergonomic}
    uintx ReservedCodeCacheSize                    = 251658240                              {pd product} {ergonomic}
     bool SegmentedCodeCache                       = true                                      {product} {ergonomic}
     bool UseCompressedClassPointers               = true                                 {lp64_product} {ergonomic}
     bool UseCompressedOops                        = true                                 {lp64_product} {ergonomic}
     bool UseG1GC                                  = true                                      {product} {ergonomic}
     bool UseLargePagesIndividualAllocation        = false                                  {pd product} {ergonomic}

Logging:
Log output configuration:
 #0: stdout all=warning uptime,level,tags
 #1: stderr all=off uptime,level,tags

Environment Variables:
JAVA_HOME=C:\Program Files\Java\jdk-12.0.1
PATH=C:\ProgramData\Oracle\Java\javapath;C:\Program Files (x86)\Intel\iCLS Client\;C:\Program Files\Intel\iCLS Client\;C:\WINDOWS\system32;C:\WINDOWS;C:\WINDOWS\System32\Wbem;C:\WINDOWS\System32\WindowsPowerShell\v1.0\;C:\Program Files\Intel\WiFi\bin\;C:\Program Files\Common Files\Intel\WirelessCommon\;C:\Program Files (x86)\Intel\Intel(R) Management Engine Components\DAL;C:\Program Files\Intel\Intel(R) Management Engine Components\DAL;C:\Program Files (x86)\Intel\Intel(R) Management Engine Components\IPT;C:\Program Files\Intel\Intel(R) Management Engine Components\IPT;C:\WINDOWS\System32\OpenSSH\;C:\Users\user\Desktop\jdk-12.0.1_windows-x64_bin.exe;C:\Program Files\Java\jdk1.8.0_111\bin;C:\Program Files\Java\jre1.8.0_111\bin;C:\Program Files\Java\jdk-12.0.1\bin;C:\Program Files\Git\cmd;C:\Maven\bin;C:\Maven\bin;C:\Program Files\Microsoft SQL Server\110\Tools\Binn\;C:\Program Files\dotnet\;C:\Users\user\AppData\Local\Programs\Python\Python37\Scripts\;C:\Users\user\AppData\Local\Programs\Python\Python37\;C:\Users\user\Miniconda3;C:\Users\user\Miniconda3\Library\mingw-w64\bin;C:\Users\user\Miniconda3\Library\usr\bin;C:\Users\user\Miniconda3\Library\bin;C:\Users\user\Miniconda3\Scripts;C:\Users\user\AppData\Local\Microsoft\WindowsApps;C:\Users\user\AppData\Local\Programs\Microsoft VS Code\bin;C:\Program Files\JetBrains\PyCharm Community Edition 2019.2.2\bin;C:\Users\user\AppData\Local\GitHubDesktop\bin
USERNAME=user
OS=Windows_NT
PROCESSOR_IDENTIFIER=Intel64 Family 6 Model 142 Stepping 10, GenuineIntel



---------------  S Y S T E M  ---------------

OS: Windows 10 , 64 bit Build 18362 (10.0.18362.329)

CPU:total 8 (initial active 8) (4 cores per cpu, 2 threads per core) family 6 model 142 stepping 10, cmov, cx8, fxsr, mmx, sse, sse2, sse3, ssse3, sse4.1, sse4.2, popcnt, avx, avx2, aes, clmul, erms, 3dnowpref, lzcnt, ht, tsc, tscinvbit, bmi1, bmi2, adx, fma

Memory: 4k page, system-wide physical 3973M (279M free)
TotalPageFile size 16261M (AvailPageFile size 5M)
current process WorkingSet (physical memory assigned to process): 9M, peak: 9M
current process commit charge ("private bytes"): 14M, peak: 15M

vm_info: Java HotSpot(TM) 64-Bit Server VM (12.0.1+12) for windows-amd64 JRE (12.0.1+12), built on Apr  2 2019 14:02:19 by "mach5one" with MS VC++ 15.5 (VS2017)

END.
